{"/home/gamp/aycodewave/Stellar-GreenPay/backend/src/logger.js": {"path":"/home/gamp/aycodewave/Stellar-GreenPay/backend/src/logger.js","statementMap":{"0":{"start":{"line":2,"column":13},"end":{"line":2,"column":28}},"1":{"start":{"line":4,"column":14},"end":{"line":4,"column":86}},"2":{"start":{"line":6,"column":15},"end":{"line":18,"column":2}},"3":{"start":{"line":20,"column":0},"end":{"line":20,"column":24}}},"fnMap":{},"branchMap":{"0":{"loc":{"start":{"line":4,"column":14},"end":{"line":4,"column":86}},"type":"binary-expr","locations":[{"start":{"line":4,"column":14},"end":{"line":4,"column":51}},{"start":{"line":4,"column":55},"end":{"line":4,"column":86}}],"line":4},"1":{"loc":{"start":{"line":7,"column":9},"end":{"line":7,"column":40}},"type":"binary-expr","locations":[{"start":{"line":7,"column":9},"end":{"line":7,"column":30}},{"start":{"line":7,"column":34},"end":{"line":7,"column":40}}],"line":7},"2":{"loc":{"start":{"line":8,"column":6},"end":{"line":17,"column":3}},"type":"binary-expr","locations":[{"start":{"line":8,"column":6},"end":{"line":8,"column":11}},{"start":{"line":8,"column":15},"end":{"line":17,"column":3}}],"line":8}},"s":{"0":5,"1":5,"2":5,"3":5},"f":{},"b":{"0":[5,5],"1":[5,5],"2":[5,0]},"_coverageSchema":"1a1c01bbd47fc00a2c39e90264f33305004495a9","hash":"723fe0a5a3291c14150ce4403af1e5a237dd5a5e"}
,"/home/gamp/aycodewave/Stellar-GreenPay/backend/src/server.js": {"path":"/home/gamp/aycodewave/Stellar-GreenPay/backend/src/server.js","statementMap":{"0":{"start":{"line":6,"column":0},"end":{"line":6,"column":27}},"1":{"start":{"line":8,"column":0},"end":{"line":11,"column":1}},"2":{"start":{"line":9,"column":26},"end":{"line":9,"column":49}},"3":{"start":{"line":10,"column":2},"end":{"line":10,"column":16}},"4":{"start":{"line":13,"column":21},"end":{"line":13,"column":39}},"5":{"start":{"line":14,"column":21},"end":{"line":14,"column":45}},"6":{"start":{"line":15,"column":21},"end":{"line":15,"column":37}},"7":{"start":{"line":16,"column":21},"end":{"line":16,"column":38}},"8":{"start":{"line":17,"column":21},"end":{"line":17,"column":50}},"9":{"start":{"line":18,"column":21},"end":{"line":18,"column":40}},"10":{"start":{"line":19,"column":22},"end":{"line":19,"column":59}},"11":{"start":{"line":20,"column":26},"end":{"line":20,"column":49}},"12":{"start":{"line":21,"column":31},"end":{"line":21,"column":60}},"13":{"start":{"line":22,"column":13},"end":{"line":22,"column":28}},"14":{"start":{"line":23,"column":19},"end":{"line":23,"column":39}},"15":{"start":{"line":24,"column":25},"end":{"line":24,"column":61}},"16":{"start":{"line":25,"column":52},"end":{"line":25,"column":86}},"17":{"start":{"line":27,"column":15},"end":{"line":27,"column":24}},"18":{"start":{"line":28,"column":15},"end":{"line":28,"column":39}},"19":{"start":{"line":29,"column":15},"end":{"line":29,"column":37}},"20":{"start":{"line":32,"column":0},"end":{"line":39,"column":1}},"21":{"start":{"line":33,"column":20},"end":{"line":33,"column":49}},"22":{"start":{"line":34,"column":20},"end":{"line":34,"column":38}},"23":{"start":{"line":35,"column":20},"end":{"line":35,"column":33}},"24":{"start":{"line":36,"column":20},"end":{"line":36,"column":35}},"25":{"start":{"line":37,"column":21},"end":{"line":37,"column":103}},"26":{"start":{"line":38,"column":2},"end":{"line":38,"column":69}},"27":{"start":{"line":41,"column":0},"end":{"line":41,"column":18}},"28":{"start":{"line":42,"column":0},"end":{"line":42,"column":23}},"29":{"start":{"line":43,"column":0},"end":{"line":43,"column":41}},"30":{"start":{"line":44,"column":0},"end":{"line":44,"column":24}},"31":{"start":{"line":45,"column":0},"end":{"line":53,"column":4}},"32":{"start":{"line":55,"column":16},"end":{"line":55,"column":35}},"33":{"start":{"line":56,"column":0},"end":{"line":56,"column":42}},"34":{"start":{"line":58,"column":11},"end":{"line":64,"column":2}},"35":{"start":{"line":65,"column":0},"end":{"line":65,"column":18}},"36":{"start":{"line":66,"column":0},"end":{"line":66,"column":104}},"37":{"start":{"line":70,"column":2},"end":{"line":70,"column":58}},"38":{"start":{"line":72,"column":0},"end":{"line":72,"column":45}},"39":{"start":{"line":73,"column":0},"end":{"line":73,"column":48}},"40":{"start":{"line":76,"column":28},"end":{"line":76,"column":56}},"41":{"start":{"line":77,"column":28},"end":{"line":77,"column":57}},"42":{"start":{"line":78,"column":28},"end":{"line":78,"column":56}},"43":{"start":{"line":79,"column":28},"end":{"line":79,"column":59}},"44":{"start":{"line":80,"column":28},"end":{"line":80,"column":55}},"45":{"start":{"line":81,"column":28},"end":{"line":81,"column":61}},"46":{"start":{"line":82,"column":28},"end":{"line":82,"column":52}},"47":{"start":{"line":83,"column":28},"end":{"line":83,"column":53}},"48":{"start":{"line":84,"column":28},"end":{"line":84,"column":54}},"49":{"start":{"line":85,"column":28},"end":{"line":85,"column":55}},"50":{"start":{"line":86,"column":28},"end":{"line":86,"column":53}},"51":{"start":{"line":89,"column":2},"end":{"line":89,"column":24}},"52":{"start":{"line":90,"column":2},"end":{"line":90,"column":58}},"53":{"start":{"line":93,"column":0},"end":{"line":93,"column":47}},"54":{"start":{"line":94,"column":0},"end":{"line":94,"column":44}},"55":{"start":{"line":95,"column":0},"end":{"line":95,"column":45}},"56":{"start":{"line":96,"column":0},"end":{"line":96,"column":44}},"57":{"start":{"line":97,"column":0},"end":{"line":97,"column":47}},"58":{"start":{"line":98,"column":0},"end":{"line":98,"column":43}},"59":{"start":{"line":99,"column":0},"end":{"line":99,"column":49}},"60":{"start":{"line":100,"column":0},"end":{"line":100,"column":40}},"61":{"start":{"line":101,"column":0},"end":{"line":101,"column":41}},"62":{"start":{"line":102,"column":0},"end":{"line":102,"column":42}},"63":{"start":{"line":103,"column":0},"end":{"line":103,"column":43}},"64":{"start":{"line":104,"column":0},"end":{"line":104,"column":41}},"65":{"start":{"line":106,"column":0},"end":{"line":106,"column":94}},"66":{"start":{"line":106,"column":22},"end":{"line":106,"column":92}},"67":{"start":{"line":108,"column":0},"end":{"line":111,"column":3}},"68":{"start":{"line":109,"column":2},"end":{"line":109,"column":63}},"69":{"start":{"line":110,"column":2},"end":{"line":110,"column":88}},"70":{"start":{"line":114,"column":2},"end":{"line":114,"column":24}},"71":{"start":{"line":116,"column":39},"end":{"line":116,"column":73}},"72":{"start":{"line":117,"column":2},"end":{"line":117,"column":30}},"73":{"start":{"line":119,"column":2},"end":{"line":119,"column":100}},"74":{"start":{"line":119,"column":32},"end":{"line":119,"column":98}},"75":{"start":{"line":121,"column":2},"end":{"line":123,"column":5}},"76":{"start":{"line":122,"column":4},"end":{"line":122,"column":138}},"77":{"start":{"line":125,"column":2},"end":{"line":128,"column":3}},"78":{"start":{"line":126,"column":24},"end":{"line":126,"column":56}},"79":{"start":{"line":127,"column":4},"end":{"line":127,"column":36}},"80":{"start":{"line":131,"column":0},"end":{"line":136,"column":1}},"81":{"start":{"line":132,"column":2},"end":{"line":135,"column":5}},"82":{"start":{"line":133,"column":4},"end":{"line":133,"column":63}},"83":{"start":{"line":134,"column":4},"end":{"line":134,"column":20}},"84":{"start":{"line":138,"column":0},"end":{"line":138,"column":21}}},"fnMap":{"0":{"name":"csrfTokenHandler","decl":{"start":{"line":69,"column":9},"end":{"line":69,"column":25}},"loc":{"start":{"line":69,"column":36},"end":{"line":71,"column":1}},"line":69},"1":{"name":"mount","decl":{"start":{"line":88,"column":9},"end":{"line":88,"column":14}},"loc":{"start":{"line":88,"column":29},"end":{"line":91,"column":1}},"line":88},"2":{"name":"(anonymous_2)","decl":{"start":{"line":106,"column":8},"end":{"line":106,"column":9}},"loc":{"start":{"line":106,"column":22},"end":{"line":106,"column":92}},"line":106},"3":{"name":"(anonymous_3)","decl":{"start":{"line":108,"column":8},"end":{"line":108,"column":9}},"loc":{"start":{"line":108,"column":33},"end":{"line":111,"column":1}},"line":108},"4":{"name":"startServer","decl":{"start":{"line":113,"column":15},"end":{"line":113,"column":26}},"loc":{"start":{"line":113,"column":29},"end":{"line":129,"column":1}},"line":113},"5":{"name":"(anonymous_5)","decl":{"start":{"line":119,"column":25},"end":{"line":119,"column":26}},"loc":{"start":{"line":119,"column":32},"end":{"line":119,"column":98}},"line":119},"6":{"name":"(anonymous_6)","decl":{"start":{"line":121,"column":22},"end":{"line":121,"column":23}},"loc":{"start":{"line":121,"column":28},"end":{"line":123,"column":3}},"line":121},"7":{"name":"(anonymous_7)","decl":{"start":{"line":132,"column":22},"end":{"line":132,"column":23}},"loc":{"start":{"line":132,"column":31},"end":{"line":135,"column":3}},"line":132}},"branchMap":{"0":{"loc":{"start":{"line":8,"column":0},"end":{"line":11,"column":1}},"type":"if","locations":[{"start":{"line":8,"column":0},"end":{"line":11,"column":1}},{"start":{},"end":{}}],"line":8},"1":{"loc":{"start":{"line":28,"column":15},"end":{"line":28,"column":39}},"type":"binary-expr","locations":[{"start":{"line":28,"column":15},"end":{"line":28,"column":31}},{"start":{"line":28,"column":35},"end":{"line":28,"column":39}}],"line":28},"2":{"loc":{"start":{"line":32,"column":0},"end":{"line":39,"column":1}},"type":"if","locations":[{"start":{"line":32,"column":0},"end":{"line":39,"column":1}},{"start":{},"end":{}}],"line":32},"3":{"loc":{"start":{"line":110,"column":13},"end":{"line":110,"column":30}},"type":"binary-expr","locations":[{"start":{"line":110,"column":13},"end":{"line":110,"column":23}},{"start":{"line":110,"column":27},"end":{"line":110,"column":30}}],"line":110},"4":{"loc":{"start":{"line":110,"column":46},"end":{"line":110,"column":84}},"type":"binary-expr","locations":[{"start":{"line":110,"column":46},"end":{"line":110,"column":57}},{"start":{"line":110,"column":61},"end":{"line":110,"column":84}}],"line":110},"5":{"loc":{"start":{"line":122,"column":62},"end":{"line":122,"column":102}},"type":"binary-expr","locations":[{"start":{"line":122,"column":62},"end":{"line":122,"column":89}},{"start":{"line":122,"column":93},"end":{"line":122,"column":102}}],"line":122},"6":{"loc":{"start":{"line":125,"column":2},"end":{"line":128,"column":3}},"type":"if","locations":[{"start":{"line":125,"column":2},"end":{"line":128,"column":3}},{"start":{},"end":{}}],"line":125},"7":{"loc":{"start":{"line":126,"column":24},"end":{"line":126,"column":56}},"type":"binary-expr","locations":[{"start":{"line":126,"column":24},"end":{"line":126,"column":48}},{"start":{"line":126,"column":52},"end":{"line":126,"column":56}}],"line":126},"8":{"loc":{"start":{"line":131,"column":0},"end":{"line":136,"column":1}},"type":"if","locations":[{"start":{"line":131,"column":0},"end":{"line":136,"column":1}},{"start":{},"end":{}}],"line":131}},"s":{"0":1,"1":1,"2":0,"3":0,"4":1,"5":1,"6":1,"7":1,"8":1,"9":1,"10":1,"11":1,"12":1,"13":1,"14":1,"15":1,"16":1,"17":1,"18":1,"19":1,"20":1,"21":1,"22":1,"23":1,"24":1,"25":1,"26":1,"27":1,"28":1,"29":1,"30":1,"31":1,"32":1,"33":1,"34":1,"35":1,"36":1,"37":2,"38":1,"39":1,"40":1,"41":1,"42":1,"43":1,"44":1,"45":1,"46":1,"47":1,"48":1,"49":1,"50":1,"51":11,"52":11,"53":1,"54":1,"55":1,"56":1,"57":1,"58":1,"59":1,"60":1,"61":1,"62":1,"63":1,"64":1,"65":1,"66":0,"67":1,"68":2,"69":2,"70":0,"71":0,"72":0,"73":0,"74":0,"75":0,"76":0,"77":0,"78":0,"79":0,"80":1,"81":0,"82":0,"83":0,"84":1},"f":{"0":2,"1":11,"2":0,"3":2,"4":0,"5":0,"6":0,"7":0},"b":{"0":[0,1],"1":[1,1],"2":[1,0],"3":[2,1],"4":[2,0],"5":[0,0],"6":[0,0],"7":[0,0],"8":[0,1]},"_coverageSchema":"1a1c01bbd47fc00a2c39e90264f33305004495a9","hash":"66490d2f75a1e050ec050abb9cd22c629870982f"}
,"/home/gamp/aycodewave/Stellar-GreenPay/backend/src/db/migrate.js": {"path":"/home/gamp/aycodewave/Stellar-GreenPay/backend/src/db/migrate.js","statementMap":{"0":{"start":{"line":3,"column":11},"end":{"line":3,"column":24}},"1":{"start":{"line":4,"column":13},"end":{"line":4,"column":28}},"2":{"start":{"line":5,"column":13},"end":{"line":5,"column":30}},"3":{"start":{"line":6,"column":55},"end":{"line":6,"column":83}},"4":{"start":{"line":8,"column":23},"end":{"line":8,"column":57}},"5":{"start":{"line":11,"column":2},"end":{"line":17,"column":5}},"6":{"start":{"line":21,"column":2},"end":{"line":21,"column":48}},"7":{"start":{"line":21,"column":38},"end":{"line":21,"column":48}},"8":{"start":{"line":22,"column":2},"end":{"line":29,"column":8}},"9":{"start":{"line":24,"column":19},"end":{"line":24,"column":36}},"10":{"start":{"line":26,"column":17},"end":{"line":29,"column":5}},"11":{"start":{"line":33,"column":17},"end":{"line":35,"column":3}},"12":{"start":{"line":36,"column":2},"end":{"line":36,"column":43}},"13":{"start":{"line":36,"column":32},"end":{"line":36,"column":41}},"14":{"start":{"line":40,"column":17},"end":{"line":40,"column":37}},"15":{"start":{"line":41,"column":2},"end":{"line":71,"column":3}},"16":{"start":{"line":42,"column":4},"end":{"line":42,"column":32}},"17":{"start":{"line":43,"column":4},"end":{"line":43,"column":40}},"18":{"start":{"line":45,"column":20},"end":{"line":45,"column":52}},"19":{"start":{"line":46,"column":18},"end":{"line":46,"column":38}},"20":{"start":{"line":47,"column":14},"end":{"line":47,"column":15}},"21":{"start":{"line":49,"column":4},"end":{"line":59,"column":5}},"22":{"start":{"line":50,"column":6},"end":{"line":50,"column":46}},"23":{"start":{"line":50,"column":37},"end":{"line":50,"column":46}},"24":{"start":{"line":51,"column":24},"end":{"line":51,"column":37}},"25":{"start":{"line":52,"column":6},"end":{"line":52,"column":57}},"26":{"start":{"line":53,"column":6},"end":{"line":53,"column":33}},"27":{"start":{"line":54,"column":6},"end":{"line":57,"column":8}},"28":{"start":{"line":58,"column":6},"end":{"line":58,"column":12}},"29":{"start":{"line":61,"column":4},"end":{"line":63,"column":5}},"30":{"start":{"line":62,"column":6},"end":{"line":62,"column":48}},"31":{"start":{"line":65,"column":4},"end":{"line":65,"column":33}},"32":{"start":{"line":67,"column":4},"end":{"line":67,"column":35}},"33":{"start":{"line":68,"column":4},"end":{"line":68,"column":14}},"34":{"start":{"line":70,"column":4},"end":{"line":70,"column":21}},"35":{"start":{"line":73,"column":2},"end":{"line":73,"column":23}},"36":{"start":{"line":74,"column":2},"end":{"line":74,"column":41}},"37":{"start":{"line":82,"column":2},"end":{"line":82,"column":55}},"38":{"start":{"line":82,"column":17},"end":{"line":82,"column":55}},"39":{"start":{"line":84,"column":17},"end":{"line":84,"column":37}},"40":{"start":{"line":85,"column":2},"end":{"line":124,"column":3}},"41":{"start":{"line":86,"column":4},"end":{"line":86,"column":32}},"42":{"start":{"line":87,"column":4},"end":{"line":87,"column":40}},"43":{"start":{"line":89,"column":19},"end":{"line":92,"column":5}},"44":{"start":{"line":94,"column":4},"end":{"line":98,"column":5}},"45":{"start":{"line":95,"column":6},"end":{"line":95,"column":47}},"46":{"start":{"line":96,"column":6},"end":{"line":96,"column":35}},"47":{"start":{"line":97,"column":6},"end":{"line":97,"column":13}},"48":{"start":{"line":100,"column":4},"end":{"line":115,"column":5}},"49":{"start":{"line":101,"column":19},"end":{"line":101,"column":65}},"50":{"start":{"line":102,"column":6},"end":{"line":104,"column":7}},"51":{"start":{"line":103,"column":8},"end":{"line":103,"column":74}},"52":{"start":{"line":105,"column":24},"end":{"line":105,"column":37}},"53":{"start":{"line":106,"column":6},"end":{"line":108,"column":7}},"54":{"start":{"line":107,"column":8},"end":{"line":107,"column":86}},"55":{"start":{"line":109,"column":6},"end":{"line":109,"column":65}},"56":{"start":{"line":110,"column":6},"end":{"line":110,"column":35}},"57":{"start":{"line":111,"column":6},"end":{"line":114,"column":8}},"58":{"start":{"line":117,"column":4},"end":{"line":117,"column":33}},"59":{"start":{"line":118,"column":4},"end":{"line":118,"column":71}},"60":{"start":{"line":120,"column":4},"end":{"line":120,"column":35}},"61":{"start":{"line":121,"column":4},"end":{"line":121,"column":14}},"62":{"start":{"line":123,"column":4},"end":{"line":123,"column":21}},"63":{"start":{"line":128,"column":17},"end":{"line":128,"column":37}},"64":{"start":{"line":129,"column":2},"end":{"line":201,"column":3}},"65":{"start":{"line":130,"column":4},"end":{"line":130,"column":32}},"66":{"start":{"line":132,"column":4},"end":{"line":163,"column":5}},"67":{"start":{"line":133,"column":6},"end":{"line":162,"column":8}},"68":{"start":{"line":165,"column":4},"end":{"line":172,"column":5}},"69":{"start":{"line":166,"column":6},"end":{"line":171,"column":8}},"70":{"start":{"line":174,"column":4},"end":{"line":193,"column":5}},"71":{"start":{"line":175,"column":6},"end":{"line":192,"column":8}},"72":{"start":{"line":195,"column":4},"end":{"line":195,"column":33}},"73":{"start":{"line":197,"column":4},"end":{"line":197,"column":35}},"74":{"start":{"line":198,"column":4},"end":{"line":198,"column":14}},"75":{"start":{"line":200,"column":4},"end":{"line":200,"column":21}},"76":{"start":{"line":207,"column":0},"end":{"line":228,"column":1}},"77":{"start":{"line":208,"column":15},"end":{"line":208,"column":36}},"78":{"start":{"line":209,"column":22},"end":{"line":209,"column":48}},"79":{"start":{"line":211,"column":2},"end":{"line":227,"column":3}},"80":{"start":{"line":212,"column":21},"end":{"line":212,"column":42}},"81":{"start":{"line":213,"column":18},"end":{"line":213,"column":85}},"82":{"start":{"line":214,"column":4},"end":{"line":219,"column":9}},"83":{"start":{"line":215,"column":18},"end":{"line":215,"column":33}},"84":{"start":{"line":217,"column":8},"end":{"line":217,"column":60}},"85":{"start":{"line":218,"column":8},"end":{"line":218,"column":24}},"86":{"start":{"line":221,"column":4},"end":{"line":226,"column":9}},"87":{"start":{"line":222,"column":18},"end":{"line":222,"column":33}},"88":{"start":{"line":224,"column":8},"end":{"line":224,"column":61}},"89":{"start":{"line":225,"column":8},"end":{"line":225,"column":24}},"90":{"start":{"line":230,"column":0},"end":{"line":230,"column":55}}},"fnMap":{"0":{"name":"ensureMigrationsTable","decl":{"start":{"line":10,"column":15},"end":{"line":10,"column":36}},"loc":{"start":{"line":10,"column":45},"end":{"line":18,"column":1}},"line":10},"1":{"name":"loadMigrationFiles","decl":{"start":{"line":20,"column":9},"end":{"line":20,"column":27}},"loc":{"start":{"line":20,"column":30},"end":{"line":30,"column":1}},"line":20},"2":{"name":"(anonymous_2)","decl":{"start":{"line":24,"column":12},"end":{"line":24,"column":13}},"loc":{"start":{"line":24,"column":19},"end":{"line":24,"column":36}},"line":24},"3":{"name":"(anonymous_3)","decl":{"start":{"line":26,"column":9},"end":{"line":26,"column":10}},"loc":{"start":{"line":26,"column":17},"end":{"line":29,"column":5}},"line":26},"4":{"name":"getAppliedVersions","decl":{"start":{"line":32,"column":15},"end":{"line":32,"column":33}},"loc":{"start":{"line":32,"column":42},"end":{"line":37,"column":1}},"line":32},"5":{"name":"(anonymous_5)","decl":{"start":{"line":36,"column":25},"end":{"line":36,"column":26}},"loc":{"start":{"line":36,"column":32},"end":{"line":36,"column":41}},"line":36},"6":{"name":"runMigrations","decl":{"start":{"line":39,"column":15},"end":{"line":39,"column":28}},"loc":{"start":{"line":39,"column":31},"end":{"line":75,"column":1}},"line":39},"7":{"name":"rollbackMigrations","decl":{"start":{"line":81,"column":15},"end":{"line":81,"column":33}},"loc":{"start":{"line":81,"column":45},"end":{"line":125,"column":1}},"line":81},"8":{"name":"seedDatabase","decl":{"start":{"line":127,"column":15},"end":{"line":127,"column":27}},"loc":{"start":{"line":127,"column":30},"end":{"line":202,"column":1}},"line":127},"9":{"name":"(anonymous_9)","decl":{"start":{"line":215,"column":12},"end":{"line":215,"column":13}},"loc":{"start":{"line":215,"column":18},"end":{"line":215,"column":33}},"line":215},"10":{"name":"(anonymous_10)","decl":{"start":{"line":216,"column":13},"end":{"line":216,"column":14}},"loc":{"start":{"line":216,"column":22},"end":{"line":219,"column":7}},"line":216},"11":{"name":"(anonymous_11)","decl":{"start":{"line":222,"column":12},"end":{"line":222,"column":13}},"loc":{"start":{"line":222,"column":18},"end":{"line":222,"column":33}},"line":222},"12":{"name":"(anonymous_12)","decl":{"start":{"line":223,"column":13},"end":{"line":223,"column":14}},"loc":{"start":{"line":223,"column":22},"end":{"line":226,"column":7}},"line":223}},"branchMap":{"0":{"loc":{"start":{"line":21,"column":2},"end":{"line":21,"column":48}},"type":"if","locations":[{"start":{"line":21,"column":2},"end":{"line":21,"column":48}},{"start":{},"end":{}}],"line":21},"1":{"loc":{"start":{"line":50,"column":6},"end":{"line":50,"column":46}},"type":"if","locations":[{"start":{"line":50,"column":6},"end":{"line":50,"column":46}},{"start":{},"end":{}}],"line":50},"2":{"loc":{"start":{"line":56,"column":18},"end":{"line":56,"column":43}},"type":"binary-expr","locations":[{"start":{"line":56,"column":18},"end":{"line":56,"column":32}},{"start":{"line":56,"column":36},"end":{"line":56,"column":43}}],"line":56},"3":{"loc":{"start":{"line":61,"column":4},"end":{"line":63,"column":5}},"type":"if","locations":[{"start":{"line":61,"column":4},"end":{"line":63,"column":5}},{"start":{},"end":{}}],"line":61},"4":{"loc":{"start":{"line":81,"column":34},"end":{"line":81,"column":43}},"type":"default-arg","locations":[{"start":{"line":81,"column":42},"end":{"line":81,"column":43}}],"line":81},"5":{"loc":{"start":{"line":82,"column":2},"end":{"line":82,"column":55}},"type":"if","locations":[{"start":{"line":82,"column":2},"end":{"line":82,"column":55}},{"start":{},"end":{}}],"line":82},"6":{"loc":{"start":{"line":94,"column":4},"end":{"line":98,"column":5}},"type":"if","locations":[{"start":{"line":94,"column":4},"end":{"line":98,"column":5}},{"start":{},"end":{}}],"line":94},"7":{"loc":{"start":{"line":102,"column":6},"end":{"line":104,"column":7}},"type":"if","locations":[{"start":{"line":102,"column":6},"end":{"line":104,"column":7}},{"start":{},"end":{}}],"line":102},"8":{"loc":{"start":{"line":106,"column":6},"end":{"line":108,"column":7}},"type":"if","locations":[{"start":{"line":106,"column":6},"end":{"line":108,"column":7}},{"start":{},"end":{}}],"line":106},"9":{"loc":{"start":{"line":207,"column":0},"end":{"line":228,"column":1}},"type":"if","locations":[{"start":{"line":207,"column":0},"end":{"line":228,"column":1}},{"start":{},"end":{}}],"line":207},"10":{"loc":{"start":{"line":211,"column":2},"end":{"line":227,"column":3}},"type":"if","locations":[{"start":{"line":211,"column":2},"end":{"line":227,"column":3}},{"start":{"line":220,"column":9},"end":{"line":227,"column":3}}],"line":211},"11":{"loc":{"start":{"line":213,"column":18},"end":{"line":213,"column":85}},"type":"cond-expr","locations":[{"start":{"line":213,"column":59},"end":{"line":213,"column":81}},{"start":{"line":213,"column":84},"end":{"line":213,"column":85}}],"line":213},"12":{"loc":{"start":{"line":213,"column":18},"end":{"line":213,"column":56}},"type":"binary-expr","locations":[{"start":{"line":213,"column":18},"end":{"line":213,"column":26}},{"start":{"line":213,"column":30},"end":{"line":213,"column":56}}],"line":213}},"s":{"0":1,"1":1,"2":1,"3":1,"4":1,"5":0,"6":0,"7":0,"8":0,"9":0,"10":0,"11":0,"12":0,"13":0,"14":0,"15":0,"16":0,"17":0,"18":0,"19":0,"20":0,"21":0,"22":0,"23":0,"24":0,"25":0,"26":0,"27":0,"28":0,"29":0,"30":0,"31":0,"32":0,"33":0,"34":0,"35":0,"36":0,"37":0,"38":0,"39":0,"40":0,"41":0,"42":0,"43":0,"44":0,"45":0,"46":0,"47":0,"48":0,"49":0,"50":0,"51":0,"52":0,"53":0,"54":0,"55":0,"56":0,"57":0,"58":0,"59":0,"60":0,"61":0,"62":0,"63":0,"64":0,"65":0,"66":0,"67":0,"68":0,"69":0,"70":0,"71":0,"72":0,"73":0,"74":0,"75":0,"76":1,"77":0,"78":0,"79":0,"80":0,"81":0,"82":0,"83":0,"84":0,"85":0,"86":0,"87":0,"88":0,"89":0,"90":1},"f":{"0":0,"1":0,"2":0,"3":0,"4":0,"5":0,"6":0,"7":0,"8":0,"9":0,"10":0,"11":0,"12":0},"b":{"0":[0,0],"1":[0,0],"2":[0,0],"3":[0,0],"4":[0],"5":[0,0],"6":[0,0],"7":[0,0],"8":[0,0],"9":[0,1],"10":[0,0],"11":[0,0],"12":[0,0]},"_coverageSchema":"1a1c01bbd47fc00a2c39e90264f33305004495a9","hash":"b90b6dc8d36649ed1a752671044d8ff128063503"}
,"/home/gamp/aycodewave/Stellar-GreenPay/backend/src/db/pool.js": {"path":"/home/gamp/aycodewave/Stellar-GreenPay/backend/src/db/pool.js","statementMap":{"0":{"start":{"line":3,"column":17},"end":{"line":3,"column":30}},"1":{"start":{"line":6,"column":2},"end":{"line":6,"column":84}},"2":{"start":{"line":8,"column":13},"end":{"line":14,"column":2}},"3":{"start":{"line":16,"column":0},"end":{"line":18,"column":3}},"4":{"start":{"line":17,"column":2},"end":{"line":17,"column":68}},"5":{"start":{"line":20,"column":0},"end":{"line":20,"column":22}}},"fnMap":{"0":{"name":"(anonymous_0)","decl":{"start":{"line":16,"column":17},"end":{"line":16,"column":18}},"loc":{"start":{"line":16,"column":26},"end":{"line":18,"column":1}},"line":16}},"branchMap":{"0":{"loc":{"start":{"line":6,"column":2},"end":{"line":6,"column":84}},"type":"binary-expr","locations":[{"start":{"line":6,"column":2},"end":{"line":6,"column":26}},{"start":{"line":6,"column":30},"end":{"line":6,"column":84}}],"line":6},"1":{"loc":{"start":{"line":10,"column":7},"end":{"line":10,"column":84}},"type":"cond-expr","locations":[{"start":{"line":10,"column":47},"end":{"line":10,"column":76}},{"start":{"line":10,"column":79},"end":{"line":10,"column":84}}],"line":10},"2":{"loc":{"start":{"line":11,"column":16},"end":{"line":11,"column":47}},"type":"binary-expr","locations":[{"start":{"line":11,"column":16},"end":{"line":11,"column":39}},{"start":{"line":11,"column":43},"end":{"line":11,"column":47}}],"line":11},"3":{"loc":{"start":{"line":12,"column":30},"end":{"line":12,"column":73}},"type":"binary-expr","locations":[{"start":{"line":12,"column":30},"end":{"line":12,"column":62}},{"start":{"line":12,"column":66},"end":{"line":12,"column":73}}],"line":12},"4":{"loc":{"start":{"line":13,"column":36},"end":{"line":13,"column":81}},"type":"binary-expr","locations":[{"start":{"line":13,"column":36},"end":{"line":13,"column":71}},{"start":{"line":13,"column":75},"end":{"line":13,"column":81}}],"line":13}},"s":{"0":2,"1":2,"2":2,"3":2,"4":0,"5":2},"f":{"0":0},"b":{"0":[2,2],"1":[0,2],"2":[2,2],"3":[2,2],"4":[2,2]},"_coverageSchema":"1a1c01bbd47fc00a2c39e90264f33305004495a9","hash":"5e14bcb7442db82021e2ba491e34e94f35620746"}
,"/home/gamp/aycodewave/Stellar-GreenPay/backend/src/middleware/auth.js": {"path":"/home/gamp/aycodewave/Stellar-GreenPay/backend/src/middleware/auth.js","statementMap":{"0":{"start":{"line":2,"column":12},"end":{"line":2,"column":35}},"1":{"start":{"line":5,"column":2},"end":{"line":5,"column":67}},"2":{"start":{"line":9,"column":2},"end":{"line":9,"column":55}},"3":{"start":{"line":13,"column":2},"end":{"line":13,"column":40}},"4":{"start":{"line":17,"column":21},"end":{"line":17,"column":46}},"5":{"start":{"line":18,"column":2},"end":{"line":20,"column":3}},"6":{"start":{"line":19,"column":4},"end":{"line":19,"column":88}},"7":{"start":{"line":21,"column":16},"end":{"line":21,"column":35}},"8":{"start":{"line":22,"column":2},"end":{"line":31,"column":3}},"9":{"start":{"line":23,"column":20},"end":{"line":23,"column":38}},"10":{"start":{"line":24,"column":4},"end":{"line":24,"column":24}},"11":{"start":{"line":25,"column":4},"end":{"line":25,"column":11}},"12":{"start":{"line":27,"column":4},"end":{"line":29,"column":5}},"13":{"start":{"line":28,"column":6},"end":{"line":28,"column":62}},"14":{"start":{"line":30,"column":4},"end":{"line":30,"column":60}},"15":{"start":{"line":34,"column":0},"end":{"line":34,"column":59}}},"fnMap":{"0":{"name":"getSecret","decl":{"start":{"line":4,"column":9},"end":{"line":4,"column":18}},"loc":{"start":{"line":4,"column":21},"end":{"line":6,"column":1}},"line":4},"1":{"name":"signToken","decl":{"start":{"line":8,"column":9},"end":{"line":8,"column":18}},"loc":{"start":{"line":8,"column":39},"end":{"line":10,"column":1}},"line":8},"2":{"name":"verifyToken","decl":{"start":{"line":12,"column":9},"end":{"line":12,"column":20}},"loc":{"start":{"line":12,"column":28},"end":{"line":14,"column":1}},"line":12},"3":{"name":"adminRequired","decl":{"start":{"line":16,"column":9},"end":{"line":16,"column":22}},"loc":{"start":{"line":16,"column":39},"end":{"line":32,"column":1}},"line":16}},"branchMap":{"0":{"loc":{"start":{"line":5,"column":9},"end":{"line":5,"column":66}},"type":"binary-expr","locations":[{"start":{"line":5,"column":9},"end":{"line":5,"column":31}},{"start":{"line":5,"column":35},"end":{"line":5,"column":66}}],"line":5},"1":{"loc":{"start":{"line":18,"column":2},"end":{"line":20,"column":3}},"type":"if","locations":[{"start":{"line":18,"column":2},"end":{"line":20,"column":3}},{"start":{},"end":{}}],"line":18},"2":{"loc":{"start":{"line":18,"column":6},"end":{"line":18,"column":54}},"type":"binary-expr","locations":[{"start":{"line":18,"column":6},"end":{"line":18,"column":17}},{"start":{"line":18,"column":21},"end":{"line":18,"column":54}}],"line":18},"3":{"loc":{"start":{"line":27,"column":4},"end":{"line":29,"column":5}},"type":"if","locations":[{"start":{"line":27,"column":4},"end":{"line":29,"column":5}},{"start":{},"end":{}}],"line":27}},"s":{"0":2,"1":14,"2":9,"3":5,"4":5,"5":5,"6":2,"7":3,"8":3,"9":3,"10":2,"11":2,"12":1,"13":1,"14":0,"15":2},"f":{"0":14,"1":9,"2":5,"3":5},"b":{"0":[14,0],"1":[2,3],"2":[5,4],"3":[1,0]},"_coverageSchema":"1a1c01bbd47fc00a2c39e90264f33305004495a9","hash":"aabfbead998cf09606b88a83cb01e8fe27370b5d"}
,"/home/gamp/aycodewave/Stellar-GreenPay/backend/src/middleware/corsPolicy.js": {"path":"/home/gamp/aycodewave/Stellar-GreenPay/backend/src/middleware/corsPolicy.js","statementMap":{"0":{"start":{"line":3,"column":13},"end":{"line":3,"column":28}},"1":{"start":{"line":5,"column":32},"end":{"line":12,"column":2}},"2":{"start":{"line":15,"column":2},"end":{"line":18,"column":21}},"3":{"start":{"line":17,"column":21},"end":{"line":17,"column":34}},"4":{"start":{"line":22,"column":28},"end":{"line":22,"column":47}},"5":{"start":{"line":23,"column":18},"end":{"line":25,"column":29}},"6":{"start":{"line":27,"column":2},"end":{"line":27,"column":31}},"7":{"start":{"line":31,"column":18},"end":{"line":31,"column":41}},"8":{"start":{"line":33,"column":2},"end":{"line":41,"column":4}},"9":{"start":{"line":34,"column":23},"end":{"line":34,"column":34}},"10":{"start":{"line":36,"column":4},"end":{"line":38,"column":5}},"11":{"start":{"line":37,"column":6},"end":{"line":37,"column":20}},"12":{"start":{"line":40,"column":4},"end":{"line":40,"column":65}},"13":{"start":{"line":45,"column":18},"end":{"line":45,"column":41}},"14":{"start":{"line":47,"column":2},"end":{"line":57,"column":4}},"15":{"start":{"line":49,"column":6},"end":{"line":51,"column":7}},"16":{"start":{"line":50,"column":8},"end":{"line":50,"column":37}},"17":{"start":{"line":53,"column":6},"end":{"line":53,"column":49}},"18":{"start":{"line":61,"column":2},"end":{"line":64,"column":4}},"19":{"start":{"line":67,"column":0},"end":{"line":73,"column":2}}},"fnMap":{"0":{"name":"parseOrigins","decl":{"start":{"line":14,"column":9},"end":{"line":14,"column":21}},"loc":{"start":{"line":14,"column":29},"end":{"line":19,"column":1}},"line":14},"1":{"name":"(anonymous_1)","decl":{"start":{"line":17,"column":9},"end":{"line":17,"column":10}},"loc":{"start":{"line":17,"column":21},"end":{"line":17,"column":34}},"line":17},"2":{"name":"getAllowedOrigins","decl":{"start":{"line":21,"column":9},"end":{"line":21,"column":26}},"loc":{"start":{"line":21,"column":64},"end":{"line":28,"column":1}},"line":21},"3":{"name":"rejectDisallowedOrigins","decl":{"start":{"line":30,"column":9},"end":{"line":30,"column":32}},"loc":{"start":{"line":30,"column":71},"end":{"line":42,"column":1}},"line":30},"4":{"name":"(anonymous_4)","decl":{"start":{"line":33,"column":9},"end":{"line":33,"column":10}},"loc":{"start":{"line":33,"column":29},"end":{"line":41,"column":3}},"line":33},"5":{"name":"createCorsOptions","decl":{"start":{"line":44,"column":9},"end":{"line":44,"column":26}},"loc":{"start":{"line":44,"column":65},"end":{"line":58,"column":1}},"line":44},"6":{"name":"(anonymous_6)","decl":{"start":{"line":48,"column":4},"end":{"line":48,"column":5}},"loc":{"start":{"line":48,"column":29},"end":{"line":54,"column":5}},"line":48},"7":{"name":"createCorsMiddleware","decl":{"start":{"line":60,"column":9},"end":{"line":60,"column":29}},"loc":{"start":{"line":60,"column":68},"end":{"line":65,"column":1}},"line":60}},"branchMap":{"0":{"loc":{"start":{"line":15,"column":16},"end":{"line":15,"column":27}},"type":"binary-expr","locations":[{"start":{"line":15,"column":16},"end":{"line":15,"column":21}},{"start":{"line":15,"column":25},"end":{"line":15,"column":27}}],"line":15},"1":{"loc":{"start":{"line":21,"column":27},"end":{"line":21,"column":62}},"type":"default-arg","locations":[{"start":{"line":21,"column":35},"end":{"line":21,"column":62}}],"line":21},"2":{"loc":{"start":{"line":23,"column":18},"end":{"line":25,"column":29}},"type":"cond-expr","locations":[{"start":{"line":24,"column":6},"end":{"line":24,"column":23}},{"start":{"line":25,"column":6},"end":{"line":25,"column":29}}],"line":23},"3":{"loc":{"start":{"line":30,"column":33},"end":{"line":30,"column":69}},"type":"default-arg","locations":[{"start":{"line":30,"column":50},"end":{"line":30,"column":69}}],"line":30},"4":{"loc":{"start":{"line":36,"column":4},"end":{"line":38,"column":5}},"type":"if","locations":[{"start":{"line":36,"column":4},"end":{"line":38,"column":5}},{"start":{},"end":{}}],"line":36},"5":{"loc":{"start":{"line":36,"column":8},"end":{"line":36,"column":38}},"type":"binary-expr","locations":[{"start":{"line":36,"column":8},"end":{"line":36,"column":15}},{"start":{"line":36,"column":19},"end":{"line":36,"column":38}}],"line":36},"6":{"loc":{"start":{"line":44,"column":27},"end":{"line":44,"column":63}},"type":"default-arg","locations":[{"start":{"line":44,"column":44},"end":{"line":44,"column":63}}],"line":44},"7":{"loc":{"start":{"line":49,"column":6},"end":{"line":51,"column":7}},"type":"if","locations":[{"start":{"line":49,"column":6},"end":{"line":51,"column":7}},{"start":{},"end":{}}],"line":49},"8":{"loc":{"start":{"line":60,"column":30},"end":{"line":60,"column":66}},"type":"default-arg","locations":[{"start":{"line":60,"column":47},"end":{"line":60,"column":66}}],"line":60}},"s":{"0":2,"1":2,"2":3,"3":4,"4":3,"5":3,"6":3,"7":4,"8":4,"9":6,"10":6,"11":4,"12":2,"13":4,"14":4,"15":4,"16":3,"17":1,"18":4,"19":2},"f":{"0":3,"1":4,"2":3,"3":4,"4":6,"5":4,"6":4,"7":4},"b":{"0":[3,2],"1":[1],"2":[1,2],"3":[0],"4":[4,2],"5":[6,3],"6":[0],"7":[3,1],"8":[0]},"_coverageSchema":"1a1c01bbd47fc00a2c39e90264f33305004495a9","hash":"6b65d8e9ac34ceac2d7099fa69dcc87d97babb48"}
,"/home/gamp/aycodewave/Stellar-GreenPay/backend/src/middleware/rateLimiter.js": {"path":"/home/gamp/aycodewave/Stellar-GreenPay/backend/src/middleware/rateLimiter.js","statementMap":{"0":{"start":{"line":1,"column":18},"end":{"line":1,"column":47}},"1":{"start":{"line":2,"column":15},"end":{"line":2,"column":35}},"2":{"start":{"line":4,"column":26},"end":{"line":25,"column":1}},"3":{"start":{"line":5,"column":2},"end":{"line":24,"column":5}},"4":{"start":{"line":11,"column":6},"end":{"line":18,"column":32}},"5":{"start":{"line":19,"column":6},"end":{"line":19,"column":60}},"6":{"start":{"line":20,"column":6},"end":{"line":22,"column":9}},"7":{"start":{"line":27,"column":0},"end":{"line":27,"column":39}}},"fnMap":{"0":{"name":"(anonymous_0)","decl":{"start":{"line":4,"column":26},"end":{"line":4,"column":27}},"loc":{"start":{"line":4,"column":58},"end":{"line":25,"column":1}},"line":4},"1":{"name":"(anonymous_1)","decl":{"start":{"line":10,"column":13},"end":{"line":10,"column":14}},"loc":{"start":{"line":10,"column":27},"end":{"line":23,"column":5}},"line":10}},"branchMap":{"0":{"loc":{"start":{"line":11,"column":7},"end":{"line":11,"column":24}},"type":"binary-expr","locations":[{"start":{"line":11,"column":7},"end":{"line":11,"column":14}},{"start":{"line":11,"column":18},"end":{"line":11,"column":24}}],"line":11}},"s":{"0":2,"1":2,"2":2,"3":10,"4":7,"5":7,"6":7,"7":2},"f":{"0":10,"1":7},"b":{"0":[7,7]},"_coverageSchema":"1a1c01bbd47fc00a2c39e90264f33305004495a9","hash":"7b695a14323e2ed78ed9cbdff8a1217d17dab0cf"}
,"/home/gamp/aycodewave/Stellar-GreenPay/backend/src/middleware/requestLogger.js": {"path":"/home/gamp/aycodewave/Stellar-GreenPay/backend/src/middleware/requestLogger.js","statementMap":{"0":{"start":{"line":2,"column":17},"end":{"line":2,"column":37}},"1":{"start":{"line":3,"column":21},"end":{"line":3,"column":36}},"2":{"start":{"line":4,"column":15},"end":{"line":4,"column":35}},"3":{"start":{"line":6,"column":0},"end":{"line":24,"column":3}},"4":{"start":{"line":9,"column":21},"end":{"line":9,"column":62}},"5":{"start":{"line":14,"column":6},"end":{"line":18,"column":8}},"6":{"start":{"line":21,"column":6},"end":{"line":21,"column":44}}},"fnMap":{"0":{"name":"(anonymous_0)","decl":{"start":{"line":9,"column":12},"end":{"line":9,"column":13}},"loc":{"start":{"line":9,"column":21},"end":{"line":9,"column":62}},"line":9},"1":{"name":"(anonymous_1)","decl":{"start":{"line":13,"column":4},"end":{"line":13,"column":5}},"loc":{"start":{"line":13,"column":13},"end":{"line":19,"column":5}},"line":13},"2":{"name":"(anonymous_2)","decl":{"start":{"line":20,"column":4},"end":{"line":20,"column":5}},"loc":{"start":{"line":20,"column":13},"end":{"line":22,"column":5}},"line":20}},"branchMap":{"0":{"loc":{"start":{"line":9,"column":21},"end":{"line":9,"column":62}},"type":"binary-expr","locations":[{"start":{"line":9,"column":21},"end":{"line":9,"column":52}},{"start":{"line":9,"column":56},"end":{"line":9,"column":62}}],"line":9}},"s":{"0":1,"1":1,"2":1,"3":1,"4":4,"5":4,"6":4},"f":{"0":4,"1":4,"2":4},"b":{"0":[4,4]},"_coverageSchema":"1a1c01bbd47fc00a2c39e90264f33305004495a9","hash":"330d6782713fb7930d28a91af67ad6e403916d10"}
,"/home/gamp/aycodewave/Stellar-GreenPay/backend/src/routes/admin.js": {"path":"/home/gamp/aycodewave/Stellar-GreenPay/backend/src/routes/admin.js","statementMap":{"0":{"start":{"line":2,"column":16},"end":{"line":2,"column":34}},"1":{"start":{"line":3,"column":15},"end":{"line":3,"column":31}},"2":{"start":{"line":4,"column":13},"end":{"line":4,"column":34}},"3":{"start":{"line":5,"column":37},"end":{"line":5,"column":66}},"4":{"start":{"line":6,"column":30},"end":{"line":6,"column":66}},"5":{"start":{"line":8,"column":21},"end":{"line":8,"column":46}},"6":{"start":{"line":10,"column":21},"end":{"line":10,"column":25}},"7":{"start":{"line":11,"column":23},"end":{"line":11,"column":28}},"8":{"start":{"line":13,"column":0},"end":{"line":29,"column":3}},"9":{"start":{"line":14,"column":33},"end":{"line":14,"column":47}},"10":{"start":{"line":15,"column":20},"end":{"line":15,"column":57}},"11":{"start":{"line":16,"column":20},"end":{"line":16,"column":46}},"12":{"start":{"line":18,"column":2},"end":{"line":20,"column":3}},"13":{"start":{"line":19,"column":4},"end":{"line":19,"column":97}},"14":{"start":{"line":22,"column":2},"end":{"line":24,"column":3}},"15":{"start":{"line":23,"column":4},"end":{"line":23,"column":66}},"16":{"start":{"line":26,"column":16},"end":{"line":26,"column":73}},"17":{"start":{"line":27,"column":23},"end":{"line":27,"column":99}},"18":{"start":{"line":28,"column":2},"end":{"line":28,"column":85}},"19":{"start":{"line":31,"column":0},"end":{"line":50,"column":3}},"20":{"start":{"line":32,"column":27},"end":{"line":32,"column":41}},"21":{"start":{"line":33,"column":2},"end":{"line":35,"column":3}},"22":{"start":{"line":34,"column":4},"end":{"line":34,"column":71}},"23":{"start":{"line":37,"column":2},"end":{"line":49,"column":3}},"24":{"start":{"line":38,"column":20},"end":{"line":38,"column":75}},"25":{"start":{"line":39,"column":4},"end":{"line":41,"column":5}},"26":{"start":{"line":40,"column":6},"end":{"line":40,"column":70}},"27":{"start":{"line":42,"column":18},"end":{"line":42,"column":78}},"28":{"start":{"line":43,"column":4},"end":{"line":46,"column":7}},"29":{"start":{"line":48,"column":4},"end":{"line":48,"column":79}},"30":{"start":{"line":52,"column":0},"end":{"line":60,"column":3}},"31":{"start":{"line":53,"column":2},"end":{"line":59,"column":5}},"32":{"start":{"line":62,"column":0},"end":{"line":110,"column":3}},"33":{"start":{"line":63,"column":2},"end":{"line":109,"column":3}},"34":{"start":{"line":64,"column":59},"end":{"line":64,"column":68}},"35":{"start":{"line":65,"column":18},"end":{"line":65,"column":20}},"36":{"start":{"line":66,"column":19},"end":{"line":66,"column":21}},"37":{"start":{"line":68,"column":4},"end":{"line":71,"column":5}},"38":{"start":{"line":69,"column":6},"end":{"line":69,"column":25}},"39":{"start":{"line":70,"column":6},"end":{"line":70,"column":46}},"40":{"start":{"line":72,"column":4},"end":{"line":75,"column":5}},"41":{"start":{"line":73,"column":6},"end":{"line":73,"column":26}},"42":{"start":{"line":74,"column":6},"end":{"line":74,"column":47}},"43":{"start":{"line":77,"column":18},"end":{"line":77,"column":68}},"44":{"start":{"line":78,"column":19},"end":{"line":78,"column":76}},"45":{"start":{"line":79,"column":4},"end":{"line":79,"column":31}},"46":{"start":{"line":82,"column":16},"end":{"line":82,"column":121}},"47":{"start":{"line":83,"column":4},"end":{"line":86,"column":5}},"48":{"start":{"line":85,"column":6},"end":{"line":85,"column":47}},"49":{"start":{"line":87,"column":4},"end":{"line":87,"column":94}},"50":{"start":{"line":90,"column":19},"end":{"line":90,"column":50}},"51":{"start":{"line":92,"column":21},"end":{"line":92,"column":68}},"52":{"start":{"line":93,"column":4},"end":{"line":96,"column":5}},"53":{"start":{"line":95,"column":6},"end":{"line":95,"column":52}},"54":{"start":{"line":98,"column":24},"end":{"line":98,"column":73}},"55":{"start":{"line":100,"column":4},"end":{"line":106,"column":7}},"56":{"start":{"line":108,"column":4},"end":{"line":108,"column":12}},"57":{"start":{"line":112,"column":0},"end":{"line":112,"column":24}}},"fnMap":{"0":{"name":"(anonymous_0)","decl":{"start":{"line":13,"column":36},"end":{"line":13,"column":37}},"loc":{"start":{"line":13,"column":50},"end":{"line":29,"column":1}},"line":13},"1":{"name":"(anonymous_1)","decl":{"start":{"line":31,"column":24},"end":{"line":31,"column":25}},"loc":{"start":{"line":31,"column":38},"end":{"line":50,"column":1}},"line":31},"2":{"name":"(anonymous_2)","decl":{"start":{"line":52,"column":33},"end":{"line":52,"column":34}},"loc":{"start":{"line":52,"column":47},"end":{"line":60,"column":1}},"line":52},"3":{"name":"(anonymous_3)","decl":{"start":{"line":62,"column":40},"end":{"line":62,"column":41}},"loc":{"start":{"line":62,"column":66},"end":{"line":110,"column":1}},"line":62}},"branchMap":{"0":{"loc":{"start":{"line":14,"column":33},"end":{"line":14,"column":47}},"type":"binary-expr","locations":[{"start":{"line":14,"column":33},"end":{"line":14,"column":41}},{"start":{"line":14,"column":45},"end":{"line":14,"column":47}}],"line":14},"1":{"loc":{"start":{"line":15,"column":20},"end":{"line":15,"column":57}},"type":"binary-expr","locations":[{"start":{"line":15,"column":20},"end":{"line":15,"column":46}},{"start":{"line":15,"column":50},"end":{"line":15,"column":57}}],"line":15},"2":{"loc":{"start":{"line":18,"column":2},"end":{"line":20,"column":3}},"type":"if","locations":[{"start":{"line":18,"column":2},"end":{"line":20,"column":3}},{"start":{},"end":{}}],"line":18},"3":{"loc":{"start":{"line":22,"column":2},"end":{"line":24,"column":3}},"type":"if","locations":[{"start":{"line":22,"column":2},"end":{"line":24,"column":3}},{"start":{},"end":{}}],"line":22},"4":{"loc":{"start":{"line":22,"column":6},"end":{"line":22,"column":54}},"type":"binary-expr","locations":[{"start":{"line":22,"column":6},"end":{"line":22,"column":28}},{"start":{"line":22,"column":32},"end":{"line":22,"column":54}}],"line":22},"5":{"loc":{"start":{"line":32,"column":27},"end":{"line":32,"column":41}},"type":"binary-expr","locations":[{"start":{"line":32,"column":27},"end":{"line":32,"column":35}},{"start":{"line":32,"column":39},"end":{"line":32,"column":41}}],"line":32},"6":{"loc":{"start":{"line":33,"column":2},"end":{"line":35,"column":3}},"type":"if","locations":[{"start":{"line":33,"column":2},"end":{"line":35,"column":3}},{"start":{},"end":{}}],"line":33},"7":{"loc":{"start":{"line":39,"column":4},"end":{"line":41,"column":5}},"type":"if","locations":[{"start":{"line":39,"column":4},"end":{"line":41,"column":5}},{"start":{},"end":{}}],"line":39},"8":{"loc":{"start":{"line":64,"column":27},"end":{"line":64,"column":37}},"type":"default-arg","locations":[{"start":{"line":64,"column":34},"end":{"line":64,"column":37}}],"line":64},"9":{"loc":{"start":{"line":64,"column":39},"end":{"line":64,"column":54}},"type":"default-arg","locations":[{"start":{"line":64,"column":50},"end":{"line":64,"column":54}}],"line":64},"10":{"loc":{"start":{"line":68,"column":4},"end":{"line":71,"column":5}},"type":"if","locations":[{"start":{"line":68,"column":4},"end":{"line":71,"column":5}},{"start":{},"end":{}}],"line":68},"11":{"loc":{"start":{"line":68,"column":8},"end":{"line":68,"column":42}},"type":"binary-expr","locations":[{"start":{"line":68,"column":8},"end":{"line":68,"column":13}},{"start":{"line":68,"column":17},"end":{"line":68,"column":42}}],"line":68},"12":{"loc":{"start":{"line":72,"column":4},"end":{"line":75,"column":5}},"type":"if","locations":[{"start":{"line":72,"column":4},"end":{"line":75,"column":5}},{"start":{},"end":{}}],"line":72},"13":{"loc":{"start":{"line":72,"column":8},"end":{"line":72,"column":44}},"type":"binary-expr","locations":[{"start":{"line":72,"column":8},"end":{"line":72,"column":14}},{"start":{"line":72,"column":18},"end":{"line":72,"column":44}}],"line":72},"14":{"loc":{"start":{"line":77,"column":27},"end":{"line":77,"column":62}},"type":"binary-expr","locations":[{"start":{"line":77,"column":27},"end":{"line":77,"column":56}},{"start":{"line":77,"column":60},"end":{"line":77,"column":62}}],"line":77},"15":{"loc":{"start":{"line":78,"column":29},"end":{"line":78,"column":59}},"type":"binary-expr","locations":[{"start":{"line":78,"column":29},"end":{"line":78,"column":54}},{"start":{"line":78,"column":58},"end":{"line":78,"column":59}}],"line":78},"16":{"loc":{"start":{"line":83,"column":4},"end":{"line":86,"column":5}},"type":"if","locations":[{"start":{"line":83,"column":4},"end":{"line":86,"column":5}},{"start":{},"end":{}}],"line":83},"17":{"loc":{"start":{"line":93,"column":4},"end":{"line":96,"column":5}},"type":"if","locations":[{"start":{"line":93,"column":4},"end":{"line":96,"column":5}},{"start":{},"end":{}}],"line":93}},"s":{"0":2,"1":2,"2":2,"3":2,"4":2,"5":2,"6":2,"7":2,"8":2,"9":7,"10":7,"11":7,"12":7,"13":1,"14":6,"15":3,"16":3,"17":3,"18":3,"19":2,"20":3,"21":3,"22":1,"23":2,"24":2,"25":1,"26":0,"27":1,"28":1,"29":1,"30":2,"31":1,"32":2,"33":0,"34":0,"35":0,"36":0,"37":0,"38":0,"39":0,"40":0,"41":0,"42":0,"43":0,"44":0,"45":0,"46":0,"47":0,"48":0,"49":0,"50":0,"51":0,"52":0,"53":0,"54":0,"55":0,"56":0,"57":2},"f":{"0":7,"1":3,"2":1,"3":0},"b":{"0":[7,0],"1":[7,0],"2":[1,6],"3":[3,3],"4":[6,4],"5":[3,0],"6":[1,2],"7":[0,1],"8":[0],"9":[0],"10":[0,0],"11":[0,0],"12":[0,0],"13":[0,0],"14":[0,0],"15":[0,0],"16":[0,0],"17":[0,0]},"_coverageSchema":"1a1c01bbd47fc00a2c39e90264f33305004495a9","hash":"4af64f5923398a36605264d52c4966d8a85e4c62"}
,"/home/gamp/aycodewave/Stellar-GreenPay/backend/src/routes/donations.js": {"path":"/home/gamp/aycodewave/Stellar-GreenPay/backend/src/routes/donations.js","statementMap":{"0":{"start":{"line":5,"column":16},"end":{"line":5,"column":34}},"1":{"start":{"line":6,"column":16},"end":{"line":6,"column":32}},"2":{"start":{"line":7,"column":21},"end":{"line":7,"column":36}},"3":{"start":{"line":8,"column":15},"end":{"line":8,"column":35}},"4":{"start":{"line":9,"column":13},"end":{"line":9,"column":34}},"5":{"start":{"line":10,"column":30},"end":{"line":10,"column":66}},"6":{"start":{"line":11,"column":42},"end":{"line":11,"column":70}},"7":{"start":{"line":12,"column":24},"end":{"line":12,"column":48}},"8":{"start":{"line":15,"column":2},"end":{"line":15,"column":119}},"9":{"start":{"line":15,"column":52},"end":{"line":15,"column":91}},"10":{"start":{"line":15,"column":93},"end":{"line":15,"column":108}},"11":{"start":{"line":15,"column":109},"end":{"line":15,"column":117}},"12":{"start":{"line":19,"column":2},"end":{"line":19,"column":119}},"13":{"start":{"line":19,"column":54},"end":{"line":19,"column":91}},"14":{"start":{"line":19,"column":93},"end":{"line":19,"column":108}},"15":{"start":{"line":19,"column":109},"end":{"line":19,"column":117}},"16":{"start":{"line":25,"column":22},"end":{"line":25,"column":27}},"17":{"start":{"line":27,"column":2},"end":{"line":193,"column":3}},"18":{"start":{"line":28,"column":103},"end":{"line":28,"column":111}},"19":{"start":{"line":29,"column":4},"end":{"line":29,"column":30}},"20":{"start":{"line":30,"column":4},"end":{"line":30,"column":36}},"21":{"start":{"line":32,"column":4},"end":{"line":32,"column":34}},"22":{"start":{"line":34,"column":26},"end":{"line":34,"column":98}},"23":{"start":{"line":35,"column":4},"end":{"line":35,"column":102}},"24":{"start":{"line":35,"column":44},"end":{"line":35,"column":74}},"25":{"start":{"line":35,"column":76},"end":{"line":35,"column":91}},"26":{"start":{"line":35,"column":92},"end":{"line":35,"column":100}},"27":{"start":{"line":38,"column":25},"end":{"line":38,"column":86}},"28":{"start":{"line":39,"column":4},"end":{"line":39,"column":117}},"29":{"start":{"line":39,"column":62},"end":{"line":39,"column":89}},"30":{"start":{"line":39,"column":91},"end":{"line":39,"column":106}},"31":{"start":{"line":39,"column":107},"end":{"line":39,"column":115}},"32":{"start":{"line":42,"column":27},"end":{"line":45,"column":5}},"33":{"start":{"line":46,"column":4},"end":{"line":46,"column":113}},"34":{"start":{"line":46,"column":32},"end":{"line":46,"column":113}},"35":{"start":{"line":48,"column":4},"end":{"line":48,"column":32}},"36":{"start":{"line":49,"column":4},"end":{"line":49,"column":25}},"37":{"start":{"line":51,"column":27},"end":{"line":67,"column":5}},"38":{"start":{"line":70,"column":4},"end":{"line":109,"column":5}},"39":{"start":{"line":71,"column":28},"end":{"line":76,"column":7}},"40":{"start":{"line":78,"column":6},"end":{"line":108,"column":7}},"41":{"start":{"line":79,"column":27},"end":{"line":79,"column":70}},"42":{"start":{"line":80,"column":23},"end":{"line":80,"column":55}},"43":{"start":{"line":81,"column":26},"end":{"line":81,"column":45}},"44":{"start":{"line":83,"column":8},"end":{"line":107,"column":9}},"45":{"start":{"line":84,"column":30},"end":{"line":84,"column":82}},"46":{"start":{"line":86,"column":10},"end":{"line":101,"column":12}},"47":{"start":{"line":103,"column":10},"end":{"line":106,"column":12}},"48":{"start":{"line":112,"column":4},"end":{"line":123,"column":6}},"49":{"start":{"line":126,"column":34},"end":{"line":129,"column":5}},"50":{"start":{"line":130,"column":28},"end":{"line":130,"column":57}},"51":{"start":{"line":131,"column":26},"end":{"line":133,"column":9}},"52":{"start":{"line":134,"column":21},"end":{"line":134,"column":86}},"53":{"start":{"line":135,"column":36},"end":{"line":140,"column":5}},"54":{"start":{"line":141,"column":30},"end":{"line":141,"column":93}},"55":{"start":{"line":142,"column":19},"end":{"line":142,"column":42}},"56":{"start":{"line":144,"column":4},"end":{"line":162,"column":6}},"57":{"start":{"line":164,"column":4},"end":{"line":164,"column":33}},"58":{"start":{"line":165,"column":4},"end":{"line":165,"column":26}},"59":{"start":{"line":167,"column":4},"end":{"line":174,"column":28}},"60":{"start":{"line":176,"column":15},"end":{"line":176,"column":33}},"61":{"start":{"line":177,"column":4},"end":{"line":185,"column":5}},"62":{"start":{"line":178,"column":6},"end":{"line":184,"column":9}},"63":{"start":{"line":187,"column":4},"end":{"line":187,"column":90}},"64":{"start":{"line":189,"column":4},"end":{"line":189,"column":64}},"65":{"start":{"line":189,"column":33},"end":{"line":189,"column":64}},"66":{"start":{"line":190,"column":4},"end":{"line":190,"column":12}},"67":{"start":{"line":192,"column":4},"end":{"line":192,"column":33}},"68":{"start":{"line":192,"column":16},"end":{"line":192,"column":33}},"69":{"start":{"line":196,"column":0},"end":{"line":196,"column":50}},"70":{"start":{"line":199,"column":0},"end":{"line":216,"column":3}},"71":{"start":{"line":200,"column":2},"end":{"line":215,"column":3}},"72":{"start":{"line":201,"column":18},"end":{"line":201,"column":67}},"73":{"start":{"line":202,"column":19},"end":{"line":211,"column":5}},"74":{"start":{"line":212,"column":4},"end":{"line":212,"column":71}},"75":{"start":{"line":214,"column":4},"end":{"line":214,"column":12}},"76":{"start":{"line":218,"column":0},"end":{"line":246,"column":3}},"77":{"start":{"line":219,"column":2},"end":{"line":245,"column":3}},"78":{"start":{"line":220,"column":18},"end":{"line":220,"column":68}},"79":{"start":{"line":221,"column":22},"end":{"line":221,"column":47}},"80":{"start":{"line":222,"column":19},"end":{"line":224,"column":41}},"81":{"start":{"line":226,"column":18},"end":{"line":235,"column":18}},"82":{"start":{"line":237,"column":22},"end":{"line":237,"column":80}},"83":{"start":{"line":238,"column":20},"end":{"line":238,"column":44}},"84":{"start":{"line":239,"column":19},"end":{"line":239,"column":66}},"85":{"start":{"line":240,"column":23},"end":{"line":240,"column":75}},"86":{"start":{"line":242,"column":4},"end":{"line":242,"column":58}},"87":{"start":{"line":244,"column":4},"end":{"line":244,"column":12}},"88":{"start":{"line":249,"column":0},"end":{"line":260,"column":3}},"89":{"start":{"line":250,"column":2},"end":{"line":259,"column":26}},"90":{"start":{"line":251,"column":4},"end":{"line":251,"column":38}},"91":{"start":{"line":252,"column":19},"end":{"line":257,"column":5}},"92":{"start":{"line":258,"column":4},"end":{"line":258,"column":71}},"93":{"start":{"line":259,"column":16},"end":{"line":259,"column":24}},"94":{"start":{"line":262,"column":0},"end":{"line":262,"column":24}},"95":{"start":{"line":263,"column":0},"end":{"line":263,"column":47}}},"fnMap":{"0":{"name":"validateKey","decl":{"start":{"line":14,"column":9},"end":{"line":14,"column":20}},"loc":{"start":{"line":14,"column":24},"end":{"line":16,"column":1}},"line":14},"1":{"name":"validateTxHash","decl":{"start":{"line":18,"column":9},"end":{"line":18,"column":23}},"loc":{"start":{"line":18,"column":27},"end":{"line":20,"column":1}},"line":18},"2":{"name":"recordDonation","decl":{"start":{"line":23,"column":15},"end":{"line":23,"column":29}},"loc":{"start":{"line":23,"column":46},"end":{"line":194,"column":1}},"line":23},"3":{"name":"(anonymous_3)","decl":{"start":{"line":199,"column":43},"end":{"line":199,"column":44}},"loc":{"start":{"line":199,"column":69},"end":{"line":216,"column":1}},"line":199},"4":{"name":"(anonymous_4)","decl":{"start":{"line":218,"column":34},"end":{"line":218,"column":35}},"loc":{"start":{"line":218,"column":60},"end":{"line":246,"column":1}},"line":218},"5":{"name":"(anonymous_5)","decl":{"start":{"line":249,"column":32},"end":{"line":249,"column":33}},"loc":{"start":{"line":249,"column":58},"end":{"line":260,"column":1}},"line":249}},"branchMap":{"0":{"loc":{"start":{"line":15,"column":2},"end":{"line":15,"column":119}},"type":"if","locations":[{"start":{"line":15,"column":2},"end":{"line":15,"column":119}},{"start":{},"end":{}}],"line":15},"1":{"loc":{"start":{"line":15,"column":6},"end":{"line":15,"column":38}},"type":"binary-expr","locations":[{"start":{"line":15,"column":6},"end":{"line":15,"column":8}},{"start":{"line":15,"column":12},"end":{"line":15,"column":38}}],"line":15},"2":{"loc":{"start":{"line":19,"column":2},"end":{"line":19,"column":119}},"type":"if","locations":[{"start":{"line":19,"column":2},"end":{"line":19,"column":119}},{"start":{},"end":{}}],"line":19},"3":{"loc":{"start":{"line":19,"column":6},"end":{"line":19,"column":40}},"type":"binary-expr","locations":[{"start":{"line":19,"column":6},"end":{"line":19,"column":8}},{"start":{"line":19,"column":12},"end":{"line":19,"column":40}}],"line":19},"4":{"loc":{"start":{"line":28,"column":56},"end":{"line":28,"column":72}},"type":"default-arg","locations":[{"start":{"line":28,"column":67},"end":{"line":28,"column":72}}],"line":28},"5":{"loc":{"start":{"line":35,"column":4},"end":{"line":35,"column":102}},"type":"if","locations":[{"start":{"line":35,"column":4},"end":{"line":35,"column":102}},{"start":{},"end":{}}],"line":35},"6":{"loc":{"start":{"line":38,"column":36},"end":{"line":38,"column":85}},"type":"cond-expr","locations":[{"start":{"line":38,"column":57},"end":{"line":38,"column":76}},{"start":{"line":38,"column":79},"end":{"line":38,"column":85}}],"line":38},"7":{"loc":{"start":{"line":38,"column":57},"end":{"line":38,"column":76}},"type":"binary-expr","locations":[{"start":{"line":38,"column":57},"end":{"line":38,"column":66}},{"start":{"line":38,"column":70},"end":{"line":38,"column":76}}],"line":38},"8":{"loc":{"start":{"line":39,"column":4},"end":{"line":39,"column":117}},"type":"if","locations":[{"start":{"line":39,"column":4},"end":{"line":39,"column":117}},{"start":{},"end":{}}],"line":39},"9":{"loc":{"start":{"line":39,"column":8},"end":{"line":39,"column":48}},"type":"binary-expr","locations":[{"start":{"line":39,"column":8},"end":{"line":39,"column":27}},{"start":{"line":39,"column":31},"end":{"line":39,"column":48}}],"line":39},"10":{"loc":{"start":{"line":46,"column":4},"end":{"line":46,"column":113}},"type":"if","locations":[{"start":{"line":46,"column":4},"end":{"line":46,"column":113}},{"start":{},"end":{}}],"line":46},"11":{"loc":{"start":{"line":61,"column":8},"end":{"line":61,"column":48}},"type":"cond-expr","locations":[{"start":{"line":61,"column":29},"end":{"line":61,"column":41}},{"start":{"line":61,"column":44},"end":{"line":61,"column":48}}],"line":61},"12":{"loc":{"start":{"line":64,"column":8},"end":{"line":64,"column":45}},"type":"binary-expr","locations":[{"start":{"line":64,"column":8},"end":{"line":64,"column":37}},{"start":{"line":64,"column":41},"end":{"line":64,"column":45}}],"line":64},"13":{"loc":{"start":{"line":70,"column":4},"end":{"line":109,"column":5}},"type":"if","locations":[{"start":{"line":70,"column":4},"end":{"line":109,"column":5}},{"start":{},"end":{}}],"line":70},"14":{"loc":{"start":{"line":79,"column":45},"end":{"line":79,"column":69}},"type":"binary-expr","locations":[{"start":{"line":79,"column":45},"end":{"line":79,"column":62}},{"start":{"line":79,"column":66},"end":{"line":79,"column":69}}],"line":79},"15":{"loc":{"start":{"line":83,"column":8},"end":{"line":107,"column":9}},"type":"if","locations":[{"start":{"line":83,"column":8},"end":{"line":107,"column":9}},{"start":{},"end":{}}],"line":83},"16":{"loc":{"start":{"line":122,"column":7},"end":{"line":122,"column":44}},"type":"cond-expr","locations":[{"start":{"line":122,"column":28},"end":{"line":122,"column":40}},{"start":{"line":122,"column":43},"end":{"line":122,"column":44}}],"line":122},"17":{"loc":{"start":{"line":131,"column":26},"end":{"line":133,"column":9}},"type":"cond-expr","locations":[{"start":{"line":132,"column":8},"end":{"line":132,"column":67}},{"start":{"line":133,"column":8},"end":{"line":133,"column":9}}],"line":131},"18":{"loc":{"start":{"line":132,"column":26},"end":{"line":132,"column":66}},"type":"binary-expr","locations":[{"start":{"line":132,"column":26},"end":{"line":132,"column":59}},{"start":{"line":132,"column":63},"end":{"line":132,"column":66}}],"line":132},"19":{"loc":{"start":{"line":134,"column":21},"end":{"line":134,"column":86}},"type":"cond-expr","locations":[{"start":{"line":134,"column":42},"end":{"line":134,"column":70}},{"start":{"line":134,"column":73},"end":{"line":134,"column":86}}],"line":134},"20":{"loc":{"start":{"line":141,"column":30},"end":{"line":141,"column":93}},"type":"binary-expr","locations":[{"start":{"line":141,"column":30},"end":{"line":141,"column":88}},{"start":{"line":141,"column":92},"end":{"line":141,"column":93}}],"line":141},"21":{"loc":{"start":{"line":156,"column":8},"end":{"line":156,"column":45}},"type":"binary-expr","locations":[{"start":{"line":156,"column":8},"end":{"line":156,"column":37}},{"start":{"line":156,"column":41},"end":{"line":156,"column":45}}],"line":156},"22":{"loc":{"start":{"line":157,"column":8},"end":{"line":157,"column":36}},"type":"binary-expr","locations":[{"start":{"line":157,"column":8},"end":{"line":157,"column":28}},{"start":{"line":157,"column":32},"end":{"line":157,"column":36}}],"line":157},"23":{"loc":{"start":{"line":167,"column":5},"end":{"line":167,"column":22}},"type":"binary-expr","locations":[{"start":{"line":167,"column":5},"end":{"line":167,"column":12}},{"start":{"line":167,"column":16},"end":{"line":167,"column":22}}],"line":167},"24":{"loc":{"start":{"line":177,"column":4},"end":{"line":185,"column":5}},"type":"if","locations":[{"start":{"line":177,"column":4},"end":{"line":185,"column":5}},{"start":{},"end":{}}],"line":177},"25":{"loc":{"start":{"line":189,"column":4},"end":{"line":189,"column":64}},"type":"if","locations":[{"start":{"line":189,"column":4},"end":{"line":189,"column":64}},{"start":{},"end":{}}],"line":189},"26":{"loc":{"start":{"line":189,"column":8},"end":{"line":189,"column":31}},"type":"binary-expr","locations":[{"start":{"line":189,"column":8},"end":{"line":189,"column":21}},{"start":{"line":189,"column":25},"end":{"line":189,"column":31}}],"line":189},"27":{"loc":{"start":{"line":192,"column":4},"end":{"line":192,"column":33}},"type":"if","locations":[{"start":{"line":192,"column":4},"end":{"line":192,"column":33}},{"start":{},"end":{}}],"line":192},"28":{"loc":{"start":{"line":201,"column":27},"end":{"line":201,"column":62}},"type":"binary-expr","locations":[{"start":{"line":201,"column":27},"end":{"line":201,"column":56}},{"start":{"line":201,"column":60},"end":{"line":201,"column":62}}],"line":201},"29":{"loc":{"start":{"line":220,"column":27},"end":{"line":220,"column":62}},"type":"binary-expr","locations":[{"start":{"line":220,"column":27},"end":{"line":220,"column":56}},{"start":{"line":220,"column":60},"end":{"line":220,"column":62}}],"line":220},"30":{"loc":{"start":{"line":222,"column":19},"end":{"line":224,"column":41}},"type":"cond-expr","locations":[{"start":{"line":223,"column":8},"end":{"line":223,"column":59}},{"start":{"line":224,"column":8},"end":{"line":224,"column":41}}],"line":222},"31":{"loc":{"start":{"line":226,"column":18},"end":{"line":235,"column":18}},"type":"cond-expr","locations":[{"start":{"line":227,"column":8},"end":{"line":231,"column":18}},{"start":{"line":232,"column":8},"end":{"line":235,"column":18}}],"line":226},"32":{"loc":{"start":{"line":239,"column":19},"end":{"line":239,"column":66}},"type":"cond-expr","locations":[{"start":{"line":239,"column":29},"end":{"line":239,"column":54}},{"start":{"line":239,"column":57},"end":{"line":239,"column":66}}],"line":239},"33":{"loc":{"start":{"line":240,"column":23},"end":{"line":240,"column":75}},"type":"cond-expr","locations":[{"start":{"line":240,"column":33},"end":{"line":240,"column":68}},{"start":{"line":240,"column":71},"end":{"line":240,"column":75}}],"line":240}},"s":{"0":4,"1":4,"2":4,"3":4,"4":4,"5":4,"6":4,"7":4,"8":24,"9":3,"10":3,"11":3,"12":20,"13":2,"14":2,"15":2,"16":22,"17":22,"18":22,"19":22,"20":20,"21":18,"22":18,"23":18,"24":3,"25":3,"26":3,"27":15,"28":15,"29":2,"30":2,"31":2,"32":13,"33":13,"34":2,"35":11,"36":11,"37":11,"38":11,"39":10,"40":10,"41":0,"42":0,"43":0,"44":0,"45":0,"46":0,"47":0,"48":11,"49":11,"50":11,"51":11,"52":11,"53":11,"54":10,"55":9,"56":9,"57":9,"58":9,"59":9,"60":9,"61":9,"62":2,"63":9,"64":11,"65":2,"66":11,"67":22,"68":18,"69":4,"70":4,"71":0,"72":0,"73":0,"74":0,"75":0,"76":4,"77":2,"78":2,"79":2,"80":2,"81":2,"82":2,"83":2,"84":2,"85":2,"86":2,"87":0,"88":4,"89":2,"90":2,"91":1,"92":1,"93":1,"94":4,"95":4},"f":{"0":24,"1":20,"2":22,"3":0,"4":2,"5":2},"b":{"0":[3,21],"1":[24,24],"2":[2,18],"3":[20,20],"4":[20],"5":[3,15],"6":[14,1],"7":[14,0],"8":[2,13],"9":[15,15],"10":[2,11],"11":[10,1],"12":[11,10],"13":[10,1],"14":[0,0],"15":[0,0],"16":[10,1],"17":[5,6],"18":[5,1],"19":[10,1],"20":[10,0],"21":[9,7],"22":[9,7],"23":[9,9],"24":[2,7],"25":[2,9],"26":[11,2],"27":[18,4],"28":[0,0],"29":[2,2],"30":[0,2],"31":[0,2],"32":[0,2],"33":[0,2]},"_coverageSchema":"1a1c01bbd47fc00a2c39e90264f33305004495a9","hash":"fb6b02520b3c6e38b3e6755220e862cc6d7a3de4"}
,"/home/gamp/aycodewave/Stellar-GreenPay/backend/src/routes/health.js": {"path":"/home/gamp/aycodewave/Stellar-GreenPay/backend/src/routes/health.js","statementMap":{"0":{"start":{"line":5,"column":16},"end":{"line":5,"column":34}},"1":{"start":{"line":6,"column":16},"end":{"line":6,"column":32}},"2":{"start":{"line":7,"column":23},"end":{"line":7,"column":60}},"3":{"start":{"line":9,"column":0},"end":{"line":15,"column":4}},"4":{"start":{"line":9,"column":30},"end":{"line":15,"column":2}},"5":{"start":{"line":16,"column":0},"end":{"line":16,"column":24}}},"fnMap":{"0":{"name":"(anonymous_0)","decl":{"start":{"line":9,"column":16},"end":{"line":9,"column":17}},"loc":{"start":{"line":9,"column":30},"end":{"line":15,"column":2}},"line":9}},"branchMap":{"0":{"loc":{"start":{"line":12,"column":11},"end":{"line":12,"column":51}},"type":"binary-expr","locations":[{"start":{"line":12,"column":11},"end":{"line":12,"column":38}},{"start":{"line":12,"column":42},"end":{"line":12,"column":51}}],"line":12}},"s":{"0":1,"1":1,"2":1,"3":1,"4":0,"5":1},"f":{"0":0},"b":{"0":[0,0]},"_coverageSchema":"1a1c01bbd47fc00a2c39e90264f33305004495a9","hash":"839df86bef5ff12fa433518fe8e927904b4f3759"}
,"/home/gamp/aycodewave/Stellar-GreenPay/backend/src/routes/impact.js": {"path":"/home/gamp/aycodewave/Stellar-GreenPay/backend/src/routes/impact.js","statementMap":{"0":{"start":{"line":13,"column":16},"end":{"line":13,"column":34}},"1":{"start":{"line":14,"column":15},"end":{"line":14,"column":31}},"2":{"start":{"line":15,"column":13},"end":{"line":15,"column":34}},"3":{"start":{"line":16,"column":14},"end":{"line":16,"column":42}},"4":{"start":{"line":18,"column":21},"end":{"line":18,"column":34}},"5":{"start":{"line":19,"column":24},"end":{"line":19,"column":29}},"6":{"start":{"line":22,"column":2},"end":{"line":26,"column":3}},"7":{"start":{"line":23,"column":14},"end":{"line":23,"column":53}},"8":{"start":{"line":24,"column":4},"end":{"line":24,"column":19}},"9":{"start":{"line":25,"column":4},"end":{"line":25,"column":12}},"10":{"start":{"line":30,"column":2},"end":{"line":30,"column":48}},"11":{"start":{"line":30,"column":39},"end":{"line":30,"column":48}},"12":{"start":{"line":31,"column":2},"end":{"line":31,"column":51}},"13":{"start":{"line":35,"column":2},"end":{"line":35,"column":25}},"14":{"start":{"line":39,"column":2},"end":{"line":39,"column":50}},"15":{"start":{"line":40,"column":2},"end":{"line":40,"column":50}},"16":{"start":{"line":41,"column":2},"end":{"line":41,"column":27}},"17":{"start":{"line":45,"column":0},"end":{"line":90,"column":3}},"18":{"start":{"line":46,"column":2},"end":{"line":89,"column":3}},"19":{"start":{"line":47,"column":16},"end":{"line":47,"column":40}},"20":{"start":{"line":48,"column":4},"end":{"line":48,"column":34}},"21":{"start":{"line":48,"column":13},"end":{"line":48,"column":34}},"22":{"start":{"line":50,"column":26},"end":{"line":55,"column":5}},"23":{"start":{"line":56,"column":4},"end":{"line":56,"column":92}},"24":{"start":{"line":56,"column":32},"end":{"line":56,"column":92}},"25":{"start":{"line":58,"column":22},"end":{"line":66,"column":5}},"26":{"start":{"line":68,"column":14},"end":{"line":68,"column":35}},"27":{"start":{"line":69,"column":30},"end":{"line":69,"column":91}},"28":{"start":{"line":70,"column":23},"end":{"line":70,"column":56}},"29":{"start":{"line":72,"column":22},"end":{"line":72,"column":72}},"30":{"start":{"line":73,"column":31},"end":{"line":73,"column":84}},"31":{"start":{"line":74,"column":21},"end":{"line":74,"column":71}},"32":{"start":{"line":75,"column":24},"end":{"line":75,"column":64}},"33":{"start":{"line":77,"column":4},"end":{"line":86,"column":7}},"34":{"start":{"line":88,"column":4},"end":{"line":88,"column":12}},"35":{"start":{"line":93,"column":0},"end":{"line":163,"column":3}},"36":{"start":{"line":94,"column":2},"end":{"line":162,"column":3}},"37":{"start":{"line":95,"column":16},"end":{"line":95,"column":40}},"38":{"start":{"line":96,"column":4},"end":{"line":96,"column":34}},"39":{"start":{"line":96,"column":13},"end":{"line":96,"column":34}},"40":{"start":{"line":98,"column":25},"end":{"line":114,"column":5}},"41":{"start":{"line":116,"column":28},"end":{"line":135,"column":5}},"42":{"start":{"line":137,"column":22},"end":{"line":137,"column":48}},"43":{"start":{"line":138,"column":30},"end":{"line":138,"column":83}},"44":{"start":{"line":139,"column":23},"end":{"line":139,"column":48}},"45":{"start":{"line":140,"column":24},"end":{"line":140,"column":83}},"46":{"start":{"line":142,"column":32},"end":{"line":147,"column":7}},"47":{"start":{"line":142,"column":67},"end":{"line":147,"column":5}},"48":{"start":{"line":149,"column":4},"end":{"line":159,"column":7}},"49":{"start":{"line":161,"column":4},"end":{"line":161,"column":12}},"50":{"start":{"line":166,"column":0},"end":{"line":225,"column":3}},"51":{"start":{"line":167,"column":2},"end":{"line":224,"column":3}},"52":{"start":{"line":168,"column":4},"end":{"line":168,"column":38}},"53":{"start":{"line":170,"column":16},"end":{"line":170,"column":40}},"54":{"start":{"line":171,"column":4},"end":{"line":171,"column":34}},"55":{"start":{"line":171,"column":13},"end":{"line":171,"column":34}},"56":{"start":{"line":173,"column":25},"end":{"line":191,"column":5}},"57":{"start":{"line":193,"column":30},"end":{"line":205,"column":5}},"58":{"start":{"line":207,"column":16},"end":{"line":207,"column":42}},"59":{"start":{"line":208,"column":28},"end":{"line":208,"column":73}},"60":{"start":{"line":209,"column":30},"end":{"line":209,"column":56}},"61":{"start":{"line":210,"column":24},"end":{"line":210,"column":77}},"62":{"start":{"line":211,"column":24},"end":{"line":211,"column":67}},"63":{"start":{"line":213,"column":4},"end":{"line":221,"column":7}},"64":{"start":{"line":223,"column":4},"end":{"line":223,"column":12}},"65":{"start":{"line":227,"column":0},"end":{"line":227,"column":24}}},"fnMap":{"0":{"name":"validateKey","decl":{"start":{"line":21,"column":9},"end":{"line":21,"column":20}},"loc":{"start":{"line":21,"column":24},"end":{"line":27,"column":1}},"line":21},"1":{"name":"treesEquivalentFromKg","decl":{"start":{"line":29,"column":9},"end":{"line":29,"column":30}},"loc":{"start":{"line":29,"column":35},"end":{"line":32,"column":1}},"line":29},"2":{"name":"cacheKey","decl":{"start":{"line":34,"column":9},"end":{"line":34,"column":17}},"loc":{"start":{"line":34,"column":23},"end":{"line":36,"column":1}},"line":34},"3":{"name":"sendCached","decl":{"start":{"line":38,"column":9},"end":{"line":38,"column":19}},"loc":{"start":{"line":38,"column":39},"end":{"line":42,"column":1}},"line":38},"4":{"name":"(anonymous_4)","decl":{"start":{"line":45,"column":27},"end":{"line":45,"column":28}},"loc":{"start":{"line":45,"column":53},"end":{"line":90,"column":1}},"line":45},"5":{"name":"(anonymous_5)","decl":{"start":{"line":93,"column":22},"end":{"line":93,"column":23}},"loc":{"start":{"line":93,"column":48},"end":{"line":163,"column":1}},"line":93},"6":{"name":"(anonymous_6)","decl":{"start":{"line":142,"column":57},"end":{"line":142,"column":58}},"loc":{"start":{"line":142,"column":67},"end":{"line":147,"column":5}},"line":142},"7":{"name":"(anonymous_7)","decl":{"start":{"line":166,"column":32},"end":{"line":166,"column":33}},"loc":{"start":{"line":166,"column":58},"end":{"line":225,"column":1}},"line":166}},"branchMap":{"0":{"loc":{"start":{"line":22,"column":2},"end":{"line":26,"column":3}},"type":"if","locations":[{"start":{"line":22,"column":2},"end":{"line":26,"column":3}},{"start":{},"end":{}}],"line":22},"1":{"loc":{"start":{"line":22,"column":6},"end":{"line":22,"column":38}},"type":"binary-expr","locations":[{"start":{"line":22,"column":6},"end":{"line":22,"column":8}},{"start":{"line":22,"column":12},"end":{"line":22,"column":38}}],"line":22},"2":{"loc":{"start":{"line":30,"column":2},"end":{"line":30,"column":48}},"type":"if","locations":[{"start":{"line":30,"column":2},"end":{"line":30,"column":48}},{"start":{},"end":{}}],"line":30},"3":{"loc":{"start":{"line":30,"column":6},"end":{"line":30,"column":37}},"type":"binary-expr","locations":[{"start":{"line":30,"column":6},"end":{"line":30,"column":26}},{"start":{"line":30,"column":30},"end":{"line":30,"column":37}}],"line":30},"4":{"loc":{"start":{"line":48,"column":4},"end":{"line":48,"column":34}},"type":"if","locations":[{"start":{"line":48,"column":4},"end":{"line":48,"column":34}},{"start":{},"end":{}}],"line":48},"5":{"loc":{"start":{"line":56,"column":4},"end":{"line":56,"column":92}},"type":"if","locations":[{"start":{"line":56,"column":4},"end":{"line":56,"column":92}},{"start":{},"end":{}}],"line":56},"6":{"loc":{"start":{"line":69,"column":48},"end":{"line":69,"column":90}},"type":"binary-expr","locations":[{"start":{"line":69,"column":48},"end":{"line":69,"column":83}},{"start":{"line":69,"column":87},"end":{"line":69,"column":90}}],"line":69},"7":{"loc":{"start":{"line":70,"column":23},"end":{"line":70,"column":56}},"type":"binary-expr","locations":[{"start":{"line":70,"column":23},"end":{"line":70,"column":51}},{"start":{"line":70,"column":55},"end":{"line":70,"column":56}}],"line":70},"8":{"loc":{"start":{"line":72,"column":40},"end":{"line":72,"column":71}},"type":"binary-expr","locations":[{"start":{"line":72,"column":40},"end":{"line":72,"column":64}},{"start":{"line":72,"column":68},"end":{"line":72,"column":71}}],"line":72},"9":{"loc":{"start":{"line":73,"column":49},"end":{"line":73,"column":83}},"type":"binary-expr","locations":[{"start":{"line":73,"column":49},"end":{"line":73,"column":76}},{"start":{"line":73,"column":80},"end":{"line":73,"column":83}}],"line":73},"10":{"loc":{"start":{"line":74,"column":21},"end":{"line":74,"column":71}},"type":"cond-expr","locations":[{"start":{"line":74,"column":37},"end":{"line":74,"column":67}},{"start":{"line":74,"column":70},"end":{"line":74,"column":71}}],"line":74},"11":{"loc":{"start":{"line":96,"column":4},"end":{"line":96,"column":34}},"type":"if","locations":[{"start":{"line":96,"column":4},"end":{"line":96,"column":34}},{"start":{},"end":{}}],"line":96},"12":{"loc":{"start":{"line":137,"column":22},"end":{"line":137,"column":48}},"type":"binary-expr","locations":[{"start":{"line":137,"column":22},"end":{"line":137,"column":42}},{"start":{"line":137,"column":46},"end":{"line":137,"column":48}}],"line":137},"13":{"loc":{"start":{"line":138,"column":48},"end":{"line":138,"column":82}},"type":"binary-expr","locations":[{"start":{"line":138,"column":48},"end":{"line":138,"column":75}},{"start":{"line":138,"column":79},"end":{"line":138,"column":82}}],"line":138},"14":{"loc":{"start":{"line":139,"column":23},"end":{"line":139,"column":48}},"type":"binary-expr","locations":[{"start":{"line":139,"column":23},"end":{"line":139,"column":43}},{"start":{"line":139,"column":47},"end":{"line":139,"column":48}}],"line":139},"15":{"loc":{"start":{"line":140,"column":53},"end":{"line":140,"column":81}},"type":"binary-expr","locations":[{"start":{"line":140,"column":53},"end":{"line":140,"column":74}},{"start":{"line":140,"column":78},"end":{"line":140,"column":81}}],"line":140},"16":{"loc":{"start":{"line":144,"column":43},"end":{"line":144,"column":71}},"type":"binary-expr","locations":[{"start":{"line":144,"column":43},"end":{"line":144,"column":64}},{"start":{"line":144,"column":68},"end":{"line":144,"column":71}}],"line":144},"17":{"loc":{"start":{"line":145,"column":18},"end":{"line":145,"column":37}},"type":"binary-expr","locations":[{"start":{"line":145,"column":18},"end":{"line":145,"column":32}},{"start":{"line":145,"column":36},"end":{"line":145,"column":37}}],"line":145},"18":{"loc":{"start":{"line":146,"column":48},"end":{"line":146,"column":70}},"type":"binary-expr","locations":[{"start":{"line":146,"column":48},"end":{"line":146,"column":63}},{"start":{"line":146,"column":67},"end":{"line":146,"column":70}}],"line":146},"19":{"loc":{"start":{"line":171,"column":4},"end":{"line":171,"column":34}},"type":"if","locations":[{"start":{"line":171,"column":4},"end":{"line":171,"column":34}},{"start":{},"end":{}}],"line":171},"20":{"loc":{"start":{"line":207,"column":16},"end":{"line":207,"column":42}},"type":"binary-expr","locations":[{"start":{"line":207,"column":16},"end":{"line":207,"column":36}},{"start":{"line":207,"column":40},"end":{"line":207,"column":42}}],"line":207},"21":{"loc":{"start":{"line":208,"column":46},"end":{"line":208,"column":72}},"type":"binary-expr","locations":[{"start":{"line":208,"column":46},"end":{"line":208,"column":65}},{"start":{"line":208,"column":69},"end":{"line":208,"column":72}}],"line":208},"22":{"loc":{"start":{"line":209,"column":30},"end":{"line":209,"column":56}},"type":"binary-expr","locations":[{"start":{"line":209,"column":30},"end":{"line":209,"column":51}},{"start":{"line":209,"column":55},"end":{"line":209,"column":56}}],"line":209},"23":{"loc":{"start":{"line":210,"column":53},"end":{"line":210,"column":75}},"type":"binary-expr","locations":[{"start":{"line":210,"column":53},"end":{"line":210,"column":68}},{"start":{"line":210,"column":72},"end":{"line":210,"column":75}}],"line":210},"24":{"loc":{"start":{"line":211,"column":24},"end":{"line":211,"column":67}},"type":"binary-expr","locations":[{"start":{"line":211,"column":24},"end":{"line":211,"column":59}},{"start":{"line":211,"column":63},"end":{"line":211,"column":67}}],"line":211}},"s":{"0":1,"1":1,"2":1,"3":1,"4":1,"5":1,"6":0,"7":0,"8":0,"9":0,"10":0,"11":0,"12":0,"13":0,"14":0,"15":0,"16":0,"17":1,"18":0,"19":0,"20":0,"21":0,"22":0,"23":0,"24":0,"25":0,"26":0,"27":0,"28":0,"29":0,"30":0,"31":0,"32":0,"33":0,"34":0,"35":1,"36":0,"37":0,"38":0,"39":0,"40":0,"41":0,"42":0,"43":0,"44":0,"45":0,"46":0,"47":0,"48":0,"49":0,"50":1,"51":0,"52":0,"53":0,"54":0,"55":0,"56":0,"57":0,"58":0,"59":0,"60":0,"61":0,"62":0,"63":0,"64":0,"65":1},"f":{"0":0,"1":0,"2":0,"3":0,"4":0,"5":0,"6":0,"7":0},"b":{"0":[0,0],"1":[0,0],"2":[0,0],"3":[0,0],"4":[0,0],"5":[0,0],"6":[0,0],"7":[0,0],"8":[0,0],"9":[0,0],"10":[0,0],"11":[0,0],"12":[0,0],"13":[0,0],"14":[0,0],"15":[0,0],"16":[0,0],"17":[0,0],"18":[0,0],"19":[0,0],"20":[0,0],"21":[0,0],"22":[0,0],"23":[0,0],"24":[0,0]},"_coverageSchema":"1a1c01bbd47fc00a2c39e90264f33305004495a9","hash":"8773aa29e2dd4c49d24bc6d2b96b098aab00f47c"}
[...]
,"/home/gamp/aycodewave/Stellar-GreenPay/backend/src/services/summaryQueue.js": {"path":"/home/gamp/aycodewave/Stellar-GreenPay/backend/src/services/summaryQueue.js","statementMap":{"0":{"start":{"line":9,"column":15},"end":{"line":9,"column":32}},"1":{"start":{"line":10,"column":15},"end":{"line":10,"column":33}},"2":{"start":{"line":11,"column":13},"end":{"line":11,"column":34}},"3":{"start":{"line":12,"column":35},"end":{"line":12,"column":54}},"4":{"start":{"line":13,"column":27},"end":{"line":13,"column":45}},"5":{"start":{"line":15,"column":14},"end":{"line":15,"column":26}},"6":{"start":{"line":17,"column":11},"end":{"line":17,"column":15}},"7":{"start":{"line":28,"column":4},"end":{"line":28,"column":86}},"8":{"start":{"line":30,"column":2},"end":{"line":30,"column":38}},"9":{"start":{"line":32,"column":2},"end":{"line":32,"column":89}},"10":{"start":{"line":32,"column":28},"end":{"line":32,"column":87}},"11":{"start":{"line":34,"column":2},"end":{"line":34,"column":21}},"12":{"start":{"line":36,"column":2},"end":{"line":88,"column":5}},"13":{"start":{"line":37,"column":69},"end":{"line":37,"column":77}},"14":{"start":{"line":40,"column":4},"end":{"line":49,"column":5}},"15":{"start":{"line":41,"column":6},"end":{"line":41,"column":84}},"16":{"start":{"line":43,"column":6},"end":{"line":47,"column":7}},"17":{"start":{"line":45,"column":8},"end":{"line":45,"column":91}},"18":{"start":{"line":46,"column":8},"end":{"line":46,"column":15}},"19":{"start":{"line":48,"column":6},"end":{"line":48,"column":16}},"20":{"start":{"line":51,"column":23},"end":{"line":54,"column":20}},"21":{"start":{"line":56,"column":20},"end":{"line":66,"column":5}},"22":{"start":{"line":68,"column":16},"end":{"line":68,"column":31}},"23":{"start":{"line":69,"column":4},"end":{"line":69,"column":21}},"24":{"start":{"line":69,"column":14},"end":{"line":69,"column":21}},"25":{"start":{"line":71,"column":4},"end":{"line":78,"column":5}},"26":{"start":{"line":72,"column":6},"end":{"line":77,"column":9}},"27":{"start":{"line":80,"column":4},"end":{"line":87,"column":7}},"28":{"start":{"line":90,"column":2},"end":{"line":90,"column":84}},"29":{"start":{"line":101,"column":2},"end":{"line":103,"column":3}},"30":{"start":{"line":102,"column":4},"end":{"line":102,"column":71}},"31":{"start":{"line":104,"column":16},"end":{"line":104,"column":104}},"32":{"start":{"line":105,"column":2},"end":{"line":105,"column":15}},"33":{"start":{"line":108,"column":0},"end":{"line":108,"column":45}}},"fnMap":{"0":{"name":"start","decl":{"start":{"line":26,"column":15},"end":{"line":26,"column":20}},"loc":{"start":{"line":26,"column":25},"end":{"line":91,"column":1}},"line":26},"1":{"name":"(anonymous_1)","decl":{"start":{"line":32,"column":19},"end":{"line":32,"column":20}},"loc":{"start":{"line":32,"column":28},"end":{"line":32,"column":87}},"line":32},"2":{"name":"(anonymous_2)","decl":{"start":{"line":36,"column":62},"end":{"line":36,"column":63}},"loc":{"start":{"line":36,"column":77},"end":{"line":88,"column":3}},"line":36},"3":{"name":"enqueueAISummary","decl":{"start":{"line":100,"column":15},"end":{"line":100,"column":31}},"loc":{"start":{"line":100,"column":56},"end":{"line":106,"column":1}},"line":100}},"branchMap":{"0":{"loc":{"start":{"line":28,"column":4},"end":{"line":28,"column":86}},"type":"binary-expr","locations":[{"start":{"line":28,"column":4},"end":{"line":28,"column":28}},{"start":{"line":28,"column":32},"end":{"line":28,"column":86}}],"line":28},"1":{"loc":{"start":{"line":43,"column":6},"end":{"line":47,"column":7}},"type":"if","locations":[{"start":{"line":43,"column":6},"end":{"line":47,"column":7}},{"start":{},"end":{}}],"line":43},"2":{"loc":{"start":{"line":53,"column":14},"end":{"line":53,"column":31}},"type":"binary-expr","locations":[{"start":{"line":53,"column":14},"end":{"line":53,"column":25}},{"start":{"line":53,"column":29},"end":{"line":53,"column":31}}],"line":53},"3":{"loc":{"start":{"line":69,"column":4},"end":{"line":69,"column":21}},"type":"if","locations":[{"start":{"line":69,"column":4},"end":{"line":69,"column":21}},{"start":{},"end":{}}],"line":69},"4":{"loc":{"start":{"line":71,"column":4},"end":{"line":78,"column":5}},"type":"if","locations":[{"start":{"line":71,"column":4},"end":{"line":78,"column":5}},{"start":{},"end":{}}],"line":71},"5":{"loc":{"start":{"line":81,"column":13},"end":{"line":81,"column":37}},"type":"binary-expr","locations":[{"start":{"line":81,"column":13},"end":{"line":81,"column":25}},{"start":{"line":81,"column":29},"end":{"line":81,"column":37}}],"line":81},"6":{"loc":{"start":{"line":101,"column":2},"end":{"line":103,"column":3}},"type":"if","locations":[{"start":{"line":101,"column":2},"end":{"line":103,"column":3}},{"start":{},"end":{}}],"line":101}},"s":{"0":1,"1":1,"2":1,"3":1,"4":1,"5":1,"6":1,"7":0,"8":0,"9":0,"10":0,"11":0,"12":0,"13":0,"14":0,"15":0,"16":0,"17":0,"18":0,"19":0,"20":0,"21":0,"22":0,"23":0,"24":0,"25":0,"26":0,"27":0,"28":0,"29":0,"30":0,"31":0,"32":0,"33":1},"f":{"0":0,"1":0,"2":0,"3":0},"b":{"0":[0,0],"1":[0,0],"2":[0,0],"3":[0,0],"4":[0,0],"5":[0,0],"6":[0,0]},"_coverageSchema":"1a1c01bbd47fc00a2c39e90264f33305004495a9","hash":"6264f14f964f1b2fc59295d0d7b0c769a0d99fce"}
,"/home/gamp/aycodewave/Stellar-GreenPay/backend/src/services/turrets.js": {"path":"/home/gamp/aycodewave/Stellar-GreenPay/backend/src/services/turrets.js","statementMap":{"0":{"start":{"line":11,"column":76},"end":{"line":11,"column":107}},"1":{"start":{"line":12,"column":13},"end":{"line":12,"column":34}},"2":{"start":{"line":15,"column":16},"end":{"line":15,"column":56}},"3":{"start":{"line":16,"column":27},"end":{"line":16,"column":85}},"4":{"start":{"line":17,"column":20},"end":{"line":17,"column":84}},"5":{"start":{"line":20,"column":2},"end":{"line":22,"column":3}},"6":{"start":{"line":21,"column":4},"end":{"line":21,"column":37}},"7":{"start":{"line":23,"column":2},"end":{"line":23,"column":16}},"8":{"start":{"line":31,"column":2},"end":{"line":150,"column":3}},"9":{"start":{"line":40,"column":8},"end":{"line":40,"column":15}},"10":{"start":{"line":43,"column":4},"end":{"line":46,"column":5}},"11":{"start":{"line":44,"column":6},"end":{"line":44,"column":76}},"12":{"start":{"line":45,"column":6},"end":{"line":45,"column":63}},"13":{"start":{"line":49,"column":26},"end":{"line":52,"column":5}},"14":{"start":{"line":54,"column":4},"end":{"line":57,"column":5}},"15":{"start":{"line":55,"column":6},"end":{"line":55,"column":57}},"16":{"start":{"line":56,"column":6},"end":{"line":56,"column":61}},"17":{"start":{"line":59,"column":20},"end":{"line":59,"column":41}},"18":{"start":{"line":60,"column":27},"end":{"line":60,"column":45}},"19":{"start":{"line":63,"column":26},"end":{"line":69,"column":5}},"20":{"start":{"line":71,"column":4},"end":{"line":74,"column":5}},"21":{"start":{"line":72,"column":6},"end":{"line":72,"column":74}},"22":{"start":{"line":73,"column":6},"end":{"line":73,"column":69}},"23":{"start":{"line":77,"column":23},"end":{"line":77,"column":24}},"24":{"start":{"line":78,"column":25},"end":{"line":78,"column":27}},"25":{"start":{"line":80,"column":4},"end":{"line":137,"column":5}},"26":{"start":{"line":81,"column":25},"end":{"line":81,"column":61}},"27":{"start":{"line":82,"column":21},"end":{"line":82,"column":46}},"28":{"start":{"line":83,"column":24},"end":{"line":83,"column":43}},"29":{"start":{"line":85,"column":6},"end":{"line":85,"column":35}},"30":{"start":{"line":85,"column":26},"end":{"line":85,"column":35}},"31":{"start":{"line":87,"column":26},"end":{"line":87,"column":80}},"32":{"start":{"line":89,"column":6},"end":{"line":89,"column":37}},"33":{"start":{"line":89,"column":28},"end":{"line":89,"column":37}},"34":{"start":{"line":92,"column":26},"end":{"line":99,"column":8}},"35":{"start":{"line":101,"column":6},"end":{"line":136,"column":7}},"36":{"start":{"line":103,"column":8},"end":{"line":108,"column":10}},"37":{"start":{"line":111,"column":8},"end":{"line":127,"column":10}},"38":{"start":{"line":129,"column":8},"end":{"line":129,"column":36}},"39":{"start":{"line":130,"column":8},"end":{"line":135,"column":11}},"40":{"start":{"line":139,"column":4},"end":{"line":145,"column":6}},"41":{"start":{"line":148,"column":4},"end":{"line":148,"column":62}},"42":{"start":{"line":149,"column":4},"end":{"line":149,"column":52}},"43":{"start":{"line":174,"column":2},"end":{"line":225,"column":3}},"44":{"start":{"line":176,"column":27},"end":{"line":176,"column":72}},"45":{"start":{"line":179,"column":24},"end":{"line":197,"column":14}},"46":{"start":{"line":202,"column":26},"end":{"line":202,"column":56}},"47":{"start":{"line":204,"column":4},"end":{"line":207,"column":5}},"48":{"start":{"line":205,"column":6},"end":{"line":205,"column":89}},"49":{"start":{"line":206,"column":6},"end":{"line":206,"column":73}},"50":{"start":{"line":210,"column":4},"end":{"line":210,"column":88}},"51":{"start":{"line":213,"column":19},"end":{"line":213,"column":67}},"52":{"start":{"line":215,"column":4},"end":{"line":215,"column":62}},"53":{"start":{"line":217,"column":4},"end":{"line":220,"column":6}},"54":{"start":{"line":223,"column":4},"end":{"line":223,"column":63}},"55":{"start":{"line":224,"column":4},"end":{"line":224,"column":52}},"56":{"start":{"line":248,"column":23},"end":{"line":248,"column":25}},"57":{"start":{"line":249,"column":25},"end":{"line":249,"column":90}},"58":{"start":{"line":252,"column":26},"end":{"line":252,"column":48}},"59":{"start":{"line":254,"column":2},"end":{"line":286,"column":3}},"60":{"start":{"line":255,"column":24},"end":{"line":255,"column":69}},"61":{"start":{"line":257,"column":4},"end":{"line":257,"column":35}},"62":{"start":{"line":257,"column":26},"end":{"line":257,"column":35}},"63":{"start":{"line":259,"column":4},"end":{"line":285,"column":5}},"64":{"start":{"line":260,"column":22},"end":{"line":260,"column":67}},"65":{"start":{"line":262,"column":17},"end":{"line":274,"column":16}},"66":{"start":{"line":276,"column":6},"end":{"line":276,"column":30}},"67":{"start":{"line":278,"column":6},"end":{"line":282,"column":9}},"68":{"start":{"line":284,"column":6},"end":{"line":284,"column":86}},"69":{"start":{"line":288,"column":2},"end":{"line":288,"column":22}},"70":{"start":{"line":304,"column":18},"end":{"line":304,"column":36}},"71":{"start":{"line":305,"column":14},"end":{"line":305,"column":23}},"72":{"start":{"line":307,"column":2},"end":{"line":307,"column":26}},"73":{"start":{"line":308,"column":2},"end":{"line":308,"column":29}},"74":{"start":{"line":311,"column":2},"end":{"line":313,"column":5}},"75":{"start":{"line":312,"column":4},"end":{"line":312,"column":60}},"76":{"start":{"line":316,"column":2},"end":{"line":324,"column":5}},"77":{"start":{"line":317,"column":4},"end":{"line":323,"column":5}},"78":{"start":{"line":318,"column":21},"end":{"line":318,"column":60}},"79":{"start":{"line":319,"column":6},"end":{"line":319,"column":23}},"80":{"start":{"line":321,"column":6},"end":{"line":321,"column":51}},"81":{"start":{"line":322,"column":6},"end":{"line":322,"column":53}},"82":{"start":{"line":327,"column":2},"end":{"line":356,"column":5}},"83":{"start":{"line":328,"column":4},"end":{"line":355,"column":5}},"84":{"start":{"line":336,"column":10},"end":{"line":336,"column":18}},"85":{"start":{"line":338,"column":6},"end":{"line":340,"column":7}},"86":{"start":{"line":339,"column":8},"end":{"line":339,"column":78}},"87":{"start":{"line":342,"column":27},"end":{"line":349,"column":8}},"88":{"start":{"line":351,"column":6},"end":{"line":351,"column":48}},"89":{"start":{"line":353,"column":6},"end":{"line":353,"column":72}},"90":{"start":{"line":354,"column":6},"end":{"line":354,"column":53}},"91":{"start":{"line":358,"column":2},"end":{"line":360,"column":5}},"92":{"start":{"line":359,"column":4},"end":{"line":359,"column":60}},"93":{"start":{"line":362,"column":2},"end":{"line":362,"column":13}},"94":{"start":{"line":373,"column":0},"end":{"line":378,"column":2}}},"fnMap":{"0":{"name":"getServer","decl":{"start":{"line":19,"column":9},"end":{"line":19,"column":18}},"loc":{"start":{"line":19,"column":21},"end":{"line":24,"column":1}},"line":19},"1":{"name":"matchDonationTxFunction","decl":{"start":{"line":30,"column":15},"end":{"line":30,"column":38}},"loc":{"start":{"line":30,"column":48},"end":{"line":151,"column":1}},"line":30},"2":{"name":"submitMatchingPayment","decl":{"start":{"line":166,"column":15},"end":{"line":166,"column":36}},"loc":{"start":{"line":173,"column":3},"end":{"line":226,"column":1}},"line":173},"3":{"name":"generatePreSignedTransactions","decl":{"start":{"line":240,"column":15},"end":{"line":240,"column":44}},"loc":{"start":{"line":247,"column":3},"end":{"line":289,"column":1}},"line":247},"4":{"name":"startTurretsServer","decl":{"start":{"line":303,"column":9},"end":{"line":303,"column":27}},"loc":{"start":{"line":303,"column":41},"end":{"line":363,"column":1}},"line":303},"5":{"name":"(anonymous_5)","decl":{"start":{"line":311,"column":21},"end":{"line":311,"column":22}},"loc":{"start":{"line":311,"column":35},"end":{"line":313,"column":3}},"line":311},"6":{"name":"(anonymous_6)","decl":{"start":{"line":316,"column":40},"end":{"line":316,"column":41}},"loc":{"start":{"line":316,"column":60},"end":{"line":324,"column":3}},"line":316},"7":{"name":"(anonymous_7)","decl":{"start":{"line":327,"column":29},"end":{"line":327,"column":30}},"loc":{"start":{"line":327,"column":49},"end":{"line":356,"column":3}},"line":327},"8":{"name":"(anonymous_8)","decl":{"start":{"line":358,"column":19},"end":{"line":358,"column":20}},"loc":{"start":{"line":358,"column":25},"end":{"line":360,"column":3}},"line":358}},"branchMap":{"0":{"loc":{"start":{"line":15,"column":16},"end":{"line":15,"column":56}},"type":"binary-expr","locations":[{"start":{"line":15,"column":16},"end":{"line":15,"column":43}},{"start":{"line":15,"column":47},"end":{"line":15,"column":56}}],"line":15},"1":{"loc":{"start":{"line":16,"column":27},"end":{"line":16,"column":85}},"type":"cond-expr","locations":[{"start":{"line":16,"column":51},"end":{"line":16,"column":66}},{"start":{"line":16,"column":69},"end":{"line":16,"column":85}}],"line":16},"2":{"loc":{"start":{"line":17,"column":20},"end":{"line":17,"column":84}},"type":"binary-expr","locations":[{"start":{"line":17,"column":20},"end":{"line":17,"column":43}},{"start":{"line":17,"column":47},"end":{"line":17,"column":84}}],"line":17},"3":{"loc":{"start":{"line":20,"column":2},"end":{"line":22,"column":3}},"type":"if","locations":[{"start":{"line":20,"column":2},"end":{"line":22,"column":3}},{"start":{},"end":{}}],"line":20},"4":{"loc":{"start":{"line":43,"column":4},"end":{"line":46,"column":5}},"type":"if","locations":[{"start":{"line":43,"column":4},"end":{"line":46,"column":5}},{"start":{},"end":{}}],"line":43},"5":{"loc":{"start":{"line":43,"column":8},"end":{"line":43,"column":55}},"type":"binary-expr","locations":[{"start":{"line":43,"column":8},"end":{"line":43,"column":31}},{"start":{"line":43,"column":35},"end":{"line":43,"column":55}}],"line":43},"6":{"loc":{"start":{"line":44,"column":48},"end":{"line":44,"column":72}},"type":"binary-expr","locations":[{"start":{"line":44,"column":48},"end":{"line":44,"column":58}},{"start":{"line":44,"column":62},"end":{"line":44,"column":72}}],"line":44},"7":{"loc":{"start":{"line":54,"column":4},"end":{"line":57,"column":5}},"type":"if","locations":[{"start":{"line":54,"column":4},"end":{"line":57,"column":5}},{"start":{},"end":{}}],"line":54},"8":{"loc":{"start":{"line":71,"column":4},"end":{"line":74,"column":5}},"type":"if","locations":[{"start":{"line":71,"column":4},"end":{"line":74,"column":5}},{"start":{},"end":{}}],"line":71},"9":{"loc":{"start":{"line":81,"column":36},"end":{"line":81,"column":60}},"type":"binary-expr","locations":[{"start":{"line":81,"column":36},"end":{"line":81,"column":53}},{"start":{"line":81,"column":57},"end":{"line":81,"column":60}}],"line":81},"10":{"loc":{"start":{"line":85,"column":6},"end":{"line":85,"column":35}},"type":"if","locations":[{"start":{"line":85,"column":6},"end":{"line":85,"column":35}},{"start":{},"end":{}}],"line":85},"11":{"loc":{"start":{"line":89,"column":6},"end":{"line":89,"column":37}},"type":"if","locations":[{"start":{"line":89,"column":6},"end":{"line":89,"column":37}},{"start":{},"end":{}}],"line":89},"12":{"loc":{"start":{"line":101,"column":6},"end":{"line":136,"column":7}},"type":"if","locations":[{"start":{"line":101,"column":6},"end":{"line":136,"column":7}},{"start":{},"end":{}}],"line":101},"13":{"loc":{"start":{"line":204,"column":4},"end":{"line":207,"column":5}},"type":"if","locations":[{"start":{"line":204,"column":4},"end":{"line":207,"column":5}},{"start":{},"end":{}}],"line":204},"14":{"loc":{"start":{"line":257,"column":4},"end":{"line":257,"column":35}},"type":"if","locations":[{"start":{"line":257,"column":4},"end":{"line":257,"column":35}},{"start":{},"end":{}}],"line":257},"15":{"loc":{"start":{"line":303,"column":28},"end":{"line":303,"column":39}},"type":"default-arg","locations":[{"start":{"line":303,"column":35},"end":{"line":303,"column":39}}],"line":303},"16":{"loc":{"start":{"line":338,"column":6},"end":{"line":340,"column":7}},"type":"if","locations":[{"start":{"line":338,"column":6},"end":{"line":340,"column":7}},{"start":{},"end":{}}],"line":338},"17":{"loc":{"start":{"line":338,"column":10},"end":{"line":338,"column":61}},"type":"binary-expr","locations":[{"start":{"line":338,"column":10},"end":{"line":338,"column":25}},{"start":{"line":338,"column":29},"end":{"line":338,"column":43}},{"start":{"line":338,"column":47},"end":{"line":338,"column":61}}],"line":338}},"s":{"0":1,"1":1,"2":1,"3":1,"4":1,"5":0,"6":0,"7":0,"8":0,"9":0,"10":0,"11":0,"12":0,"13":0,"14":0,"15":0,"16":0,"17":0,"18":0,"19":0,"20":0,"21":0,"22":0,"23":0,"24":0,"25":0,"26":0,"27":0,"28":0,"29":0,"30":0,"31":0,"32":0,"33":0,"34":0,"35":0,"36":0,"37":0,"38":0,"39":0,"40":0,"41":0,"42":0,"43":0,"44":0,"45":0,"46":0,"47":0,"48":0,"49":0,"50":0,"51":0,"52":0,"53":0,"54":0,"55":0,"56":0,"57":0,"58":0,"59":0,"60":0,"61":0,"62":0,"63":0,"64":0,"65":0,"66":0,"67":0,"68":0,"69":0,"70":0,"71":0,"72":0,"73":0,"74":0,"75":0,"76":0,"77":0,"78":0,"79":0,"80":0,"81":0,"82":0,"83":0,"84":0,"85":0,"86":0,"87":0,"88":0,"89":0,"90":0,"91":0,"92":0,"93":0,"94":1},"f":{"0":0,"1":0,"2":0,"3":0,"4":0,"5":0,"6":0,"7":0,"8":0},"b":{"0":[1,1],"1":[0,1],"2":[1,1],"3":[0,0],"4":[0,0],"5":[0,0],"6":[0,0],"7":[0,0],"8":[0,0],"9":[0,0],"10":[0,0],"11":[0,0],"12":[0,0],"13":[0,0],"14":[0,0],"15":[0],"16":[0,0],"17":[0,0,0]},"_coverageSchema":"1a1c01bbd47fc00a2c39e90264f33305004495a9","hash":"553d3a15c9713c26d1d6308349f868de8ffca0da"}
}
