TN:
SF:src/logger.js
FNF:0
FNH:0
DA:2,5
DA:4,5
DA:6,5
DA:20,5
LF:4
LH:4
BRDA:4,0,0,5
BRDA:4,0,1,5
BRDA:7,1,0,5
BRDA:7,1,1,5
BRDA:8,2,0,5
BRDA:8,2,1,0
BRF:6
BRH:5
end_of_record
TN:
SF:src/server.js
FN:69,csrfTokenHandler
FN:88,mount
FN:106,(anonymous_2)
FN:108,(anonymous_3)
FN:113,startServer
FN:119,(anonymous_5)
FN:121,(anonymous_6)
FN:132,(anonymous_7)
FNF:8
FNH:3
FNDA:2,csrfTokenHandler
FNDA:11,mount
FNDA:0,(anonymous_2)
FNDA:2,(anonymous_3)
FNDA:0,startServer
FNDA:0,(anonymous_5)
FNDA:0,(anonymous_6)
FNDA:0,(anonymous_7)
DA:6,1
DA:8,1
DA:9,0
DA:10,0
DA:13,1
DA:14,1
DA:15,1
DA:16,1
DA:17,1
DA:18,1
DA:19,1
DA:20,1
DA:21,1
DA:22,1
DA:23,1
DA:24,1
DA:25,1
DA:27,1
DA:28,1
DA:29,1
DA:32,1
DA:33,1
DA:34,1
DA:35,1
DA:36,1
DA:37,1
DA:38,1
DA:41,1
DA:42,1
DA:43,1
DA:44,1
DA:45,1
DA:55,1
DA:56,1
DA:58,1
DA:65,1
DA:66,1
DA:70,2
DA:72,1
DA:73,1
DA:76,1
DA:77,1
DA:78,1
DA:79,1
DA:80,1
DA:81,1
DA:82,1
DA:83,1
DA:84,1
DA:85,1
DA:86,1
DA:89,11
DA:90,11
DA:93,1
DA:94,1
DA:95,1
DA:96,1
DA:97,1
DA:98,1
DA:99,1
DA:100,1
DA:101,1
DA:102,1
DA:103,1
DA:104,1
DA:106,1
DA:108,1
DA:109,2
DA:110,2
DA:114,0
DA:116,0
DA:117,0
DA:119,0
DA:121,0
DA:122,0
DA:125,0
DA:126,0
DA:127,0
DA:131,1
DA:132,0
DA:133,0
DA:134,0
DA:138,1
LF:83
LH:69
BRDA:8,0,0,0
BRDA:8,0,1,1
BRDA:28,1,0,1
BRDA:28,1,1,1
BRDA:32,2,0,1
BRDA:32,2,1,0
BRDA:110,3,0,2
BRDA:110,3,1,1
BRDA:110,4,0,2
BRDA:110,4,1,0
BRDA:122,5,0,0
BRDA:122,5,1,0
BRDA:125,6,0,0
BRDA:125,6,1,0
BRDA:126,7,0,0
BRDA:126,7,1,0
BRDA:131,8,0,0
BRDA:131,8,1,1
BRF:18
BRH:8
end_of_record
TN:
SF:src/db/migrate.js
FN:10,ensureMigrationsTable
FN:20,loadMigrationFiles
FN:24,(anonymous_2)
FN:26,(anonymous_3)
FN:32,getAppliedVersions
FN:36,(anonymous_5)
FN:39,runMigrations
FN:81,rollbackMigrations
FN:127,seedDatabase
FN:215,(anonymous_9)
FN:216,(anonymous_10)
FN:222,(anonymous_11)
FN:223,(anonymous_12)
FNF:13
FNH:0
FNDA:0,ensureMigrationsTable
FNDA:0,loadMigrationFiles
FNDA:0,(anonymous_2)
FNDA:0,(anonymous_3)
FNDA:0,getAppliedVersions
FNDA:0,(anonymous_5)
FNDA:0,runMigrations
FNDA:0,rollbackMigrations
FNDA:0,seedDatabase
FNDA:0,(anonymous_9)
FNDA:0,(anonymous_10)
FNDA:0,(anonymous_11)
FNDA:0,(anonymous_12)
DA:3,1
DA:4,1
DA:5,1
DA:6,1
DA:8,1
DA:11,0
DA:21,0
DA:22,0
DA:24,0
DA:26,0
DA:33,0
DA:36,0
DA:40,0
DA:41,0
DA:42,0
DA:43,0
DA:45,0
DA:46,0
DA:47,0
DA:49,0
DA:50,0
DA:51,0
DA:52,0
DA:53,0
DA:54,0
DA:58,0
DA:61,0
DA:62,0
DA:65,0
DA:67,0
DA:68,0
DA:70,0
DA:73,0
DA:74,0
DA:82,0
DA:84,0
DA:85,0
DA:86,0
DA:87,0
DA:89,0
DA:94,0
DA:95,0
DA:96,0
DA:97,0
DA:100,0
DA:101,0
DA:102,0
DA:103,0
DA:105,0
DA:106,0
DA:107,0
DA:109,0
DA:110,0
DA:111,0
DA:117,0
DA:118,0
DA:120,0
DA:121,0
DA:123,0
DA:128,0
DA:129,0
DA:130,0
DA:132,0
DA:133,0
DA:165,0
DA:166,0
DA:174,0
DA:175,0
DA:195,0
DA:197,0
DA:198,0
DA:200,0
DA:207,1
DA:208,0
DA:209,0
DA:211,0
DA:212,0
DA:213,0
DA:214,0
DA:215,0
DA:217,0
DA:218,0
DA:221,0
DA:222,0
DA:224,0
DA:225,0
DA:230,1
LF:87
LH:7
BRDA:21,0,0,0
BRDA:21,0,1,0
BRDA:50,1,0,0
BRDA:50,1,1,0
BRDA:56,2,0,0
BRDA:56,2,1,0
BRDA:61,3,0,0
BRDA:61,3,1,0
BRDA:81,4,0,0
BRDA:82,5,0,0
BRDA:82,5,1,0
BRDA:94,6,0,0
BRDA:94,6,1,0
BRDA:102,7,0,0
BRDA:102,7,1,0
BRDA:106,8,0,0
BRDA:106,8,1,0
BRDA:207,9,0,0
BRDA:207,9,1,1
BRDA:211,10,0,0
BRDA:211,10,1,0
BRDA:213,11,0,0
BRDA:213,11,1,0
BRDA:213,12,0,0
BRDA:213,12,1,0
BRF:25
BRH:1
end_of_record
TN:
SF:src/db/pool.js
FN:16,(anonymous_0)
FNF:1
FNH:0
FNDA:0,(anonymous_0)
DA:3,2
DA:6,2
DA:8,2
DA:16,2
DA:17,0
DA:20,2
LF:6
LH:5
BRDA:6,0,0,2
BRDA:6,0,1,2
BRDA:10,1,0,0
BRDA:10,1,1,2
BRDA:11,2,0,2
BRDA:11,2,1,2
BRDA:12,3,0,2
BRDA:12,3,1,2
BRDA:13,4,0,2
BRDA:13,4,1,2
BRF:10
BRH:9
end_of_record
TN:
SF:src/middleware/auth.js
FN:4,getSecret
FN:8,signToken
FN:12,verifyToken
FN:16,adminRequired
FNF:4
FNH:4
FNDA:14,getSecret
FNDA:9,signToken
FNDA:5,verifyToken
FNDA:5,adminRequired
DA:2,2
DA:5,14
DA:9,9
DA:13,5
DA:17,5
DA:18,5
DA:19,2
DA:21,3
DA:22,3
DA:23,3
DA:24,2
DA:25,2
DA:27,1
DA:28,1
DA:30,0
DA:34,2
LF:16
LH:15
BRDA:5,0,0,14
BRDA:5,0,1,0
BRDA:18,1,0,2
BRDA:18,1,1,3
BRDA:18,2,0,5
BRDA:18,2,1,4
BRDA:27,3,0,1
BRDA:27,3,1,0
BRF:8
BRH:6
end_of_record
TN:
SF:src/middleware/corsPolicy.js
FN:14,parseOrigins
FN:17,(anonymous_1)
FN:21,getAllowedOrigins
FN:30,rejectDisallowedOrigins
FN:33,(anonymous_4)
FN:44,createCorsOptions
FN:48,(anonymous_6)
FN:60,createCorsMiddleware
FNF:8
FNH:8
FNDA:3,parseOrigins
FNDA:4,(anonymous_1)
FNDA:3,getAllowedOrigins
FNDA:4,rejectDisallowedOrigins
FNDA:6,(anonymous_4)
FNDA:4,createCorsOptions
FNDA:4,(anonymous_6)
FNDA:4,createCorsMiddleware
DA:3,2
DA:5,2
DA:15,3
DA:17,4
DA:22,3
DA:23,3
DA:27,3
DA:31,4
DA:33,4
DA:34,6
DA:36,6
DA:37,4
DA:40,2
DA:45,4
DA:47,4
DA:49,4
DA:50,3
DA:53,1
DA:61,4
DA:67,2
LF:20
LH:20
BRDA:15,0,0,3
BRDA:15,0,1,2
BRDA:21,1,0,1
BRDA:23,2,0,1
BRDA:23,2,1,2
BRDA:30,3,0,0
BRDA:36,4,0,4
BRDA:36,4,1,2
BRDA:36,5,0,6
BRDA:36,5,1,3
BRDA:44,6,0,0
BRDA:49,7,0,3
BRDA:49,7,1,1
BRDA:60,8,0,0
BRF:14
BRH:11
end_of_record
TN:
SF:src/middleware/rateLimiter.js
FN:4,(anonymous_0)
FN:10,(anonymous_1)
FNF:2
FNH:2
FNDA:10,(anonymous_0)
FNDA:7,(anonymous_1)
DA:1,2
DA:2,2
DA:4,2
DA:5,10
DA:11,7
DA:19,7
DA:20,7
DA:27,2
LF:8
LH:8
BRDA:11,0,0,7
BRDA:11,0,1,7
BRF:2
BRH:2
end_of_record
TN:
SF:src/middleware/requestLogger.js
FN:9,(anonymous_0)
FN:13,(anonymous_1)
FN:20,(anonymous_2)
FNF:3
FNH:3
FNDA:4,(anonymous_0)
FNDA:4,(anonymous_1)
FNDA:4,(anonymous_2)
DA:2,1
DA:3,1
DA:4,1
DA:6,1
DA:9,4
DA:14,4
DA:21,4
LF:7
LH:7
BRDA:9,0,0,4
BRDA:9,0,1,4
BRF:2
BRH:2
end_of_record
TN:
SF:src/routes/admin.js
FN:13,(anonymous_0)
FN:31,(anonymous_1)
FN:52,(anonymous_2)
FN:62,(anonymous_3)
FNF:4
FNH:3
FNDA:7,(anonymous_0)
FNDA:3,(anonymous_1)
FNDA:1,(anonymous_2)
FNDA:0,(anonymous_3)
DA:2,2
DA:3,2
DA:4,2
DA:5,2
DA:6,2
DA:8,2
DA:10,2
DA:11,2
DA:13,2
DA:14,7
DA:15,7
DA:16,7
DA:18,7
DA:19,1
DA:22,6
DA:23,3
DA:26,3
DA:27,3
DA:28,3
DA:31,2
DA:32,3
DA:33,3
DA:34,1
DA:37,2
DA:38,2
DA:39,1
DA:40,0
DA:42,1
DA:43,1
DA:48,1
DA:52,2
DA:53,1
DA:62,2
DA:63,0
DA:64,0
DA:65,0
DA:66,0
DA:68,0
DA:69,0
DA:70,0
DA:72,0
DA:73,0
DA:74,0
DA:77,0
DA:78,0
DA:79,0
DA:82,0
DA:83,0
DA:85,0
DA:87,0
DA:90,0
DA:92,0
DA:93,0
DA:95,0
DA:98,0
DA:100,0
DA:108,0
DA:112,2
LF:58
LH:33
BRDA:14,0,0,7
BRDA:14,0,1,0
BRDA:15,1,0,7
BRDA:15,1,1,0
BRDA:18,2,0,1
BRDA:18,2,1,6
BRDA:22,3,0,3
BRDA:22,3,1,3
BRDA:22,4,0,6
BRDA:22,4,1,4
BRDA:32,5,0,3
BRDA:32,5,1,0
BRDA:33,6,0,1
BRDA:33,6,1,2
BRDA:39,7,0,0
BRDA:39,7,1,1
BRDA:64,8,0,0
BRDA:64,9,0,0
BRDA:68,10,0,0
BRDA:68,10,1,0
BRDA:68,11,0,0
BRDA:68,11,1,0
BRDA:72,12,0,0
BRDA:72,12,1,0
BRDA:72,13,0,0
BRDA:72,13,1,0
BRDA:77,14,0,0
BRDA:77,14,1,0
BRDA:78,15,0,0
BRDA:78,15,1,0
BRDA:83,16,0,0
BRDA:83,16,1,0
BRDA:93,17,0,0
BRDA:93,17,1,0
BRF:34
BRH:12
end_of_record
TN:
SF:src/routes/donations.js
FN:14,validateKey
FN:18,validateTxHash
FN:23,recordDonation
FN:199,(anonymous_3)
FN:218,(anonymous_4)
FN:249,(anonymous_5)
FNF:6
FNH:5
FNDA:24,validateKey
FNDA:20,validateTxHash
FNDA:22,recordDonation
FNDA:0,(anonymous_3)
FNDA:2,(anonymous_4)
FNDA:2,(anonymous_5)
DA:5,4
DA:6,4
DA:7,4
DA:8,4
DA:9,4
DA:10,4
DA:11,4
DA:12,4
DA:15,24
DA:19,20
DA:25,22
DA:27,22
DA:28,22
DA:29,22
DA:30,20
DA:32,18
DA:34,18
DA:35,18
DA:38,15
DA:39,15
DA:42,13
DA:46,13
DA:48,11
DA:49,11
DA:51,11
DA:70,11
DA:71,10
DA:78,10
DA:79,0
DA:80,0
DA:81,0
DA:83,0
DA:84,0
DA:86,0
DA:103,0
DA:112,11
DA:126,11
DA:130,11
DA:131,11
DA:134,11
DA:135,11
DA:141,10
DA:142,9
DA:144,9
DA:164,9
DA:165,9
DA:167,9
DA:176,9
DA:177,9
DA:178,2
DA:187,9
DA:189,11
DA:190,11
DA:192,22
DA:196,4
DA:199,4
DA:200,0
DA:201,0
DA:202,0
DA:212,0
DA:214,0
DA:218,4
DA:219,2
DA:220,2
DA:221,2
DA:222,2
DA:226,2
DA:237,2
DA:238,2
DA:239,2
DA:240,2
DA:242,2
DA:244,0
DA:249,4
DA:250,2
DA:251,2
DA:252,1
DA:258,1
DA:259,1
DA:262,4
DA:263,4
LF:81
LH:68
BRDA:15,0,0,3
BRDA:15,0,1,21
BRDA:15,1,0,24
BRDA:15,1,1,24
BRDA:19,2,0,2
BRDA:19,2,1,18
BRDA:19,3,0,20
BRDA:19,3,1,20
BRDA:28,4,0,20
BRDA:35,5,0,3
BRDA:35,5,1,15
BRDA:38,6,0,14
BRDA:38,6,1,1
BRDA:38,7,0,14
BRDA:38,7,1,0
BRDA:39,8,0,2
BRDA:39,8,1,13
BRDA:39,9,0,15
BRDA:39,9,1,15
BRDA:46,10,0,2
BRDA:46,10,1,11
BRDA:61,11,0,10
BRDA:61,11,1,1
BRDA:64,12,0,11
BRDA:64,12,1,10
BRDA:70,13,0,10
BRDA:70,13,1,1
BRDA:79,14,0,0
BRDA:79,14,1,0
BRDA:83,15,0,0
BRDA:83,15,1,0
BRDA:122,16,0,10
BRDA:122,16,1,1
BRDA:131,17,0,5
BRDA:131,17,1,6
BRDA:132,18,0,5
BRDA:132,18,1,1
BRDA:134,19,0,10
BRDA:134,19,1,1
BRDA:141,20,0,10
BRDA:141,20,1,0
BRDA:156,21,0,9
BRDA:156,21,1,7
BRDA:157,22,0,9
BRDA:157,22,1,7
BRDA:167,23,0,9
BRDA:167,23,1,9
BRDA:177,24,0,2
BRDA:177,24,1,7
BRDA:189,25,0,2
BRDA:189,25,1,9
BRDA:189,26,0,11
BRDA:189,26,1,2
BRDA:192,27,0,18
BRDA:192,27,1,4
BRDA:201,28,0,0
BRDA:201,28,1,0
BRDA:220,29,0,2
BRDA:220,29,1,2
BRDA:222,30,0,0
BRDA:222,30,1,2
BRDA:226,31,0,0
BRDA:226,31,1,2
BRDA:239,32,0,0
BRDA:239,32,1,2
BRDA:240,33,0,0
BRDA:240,33,1,2
BRF:67
BRH:55
end_of_record
TN:
SF:src/routes/health.js
FN:9,(anonymous_0)
FNF:1
FNH:0
FNDA:0,(anonymous_0)
DA:5,1
DA:6,1
DA:7,1
DA:9,1
DA:16,1
LF:5
LH:5
BRDA:12,0,0,0
BRDA:12,0,1,0
BRF:2
BRH:0
end_of_record
TN:
SF:src/routes/impact.js
FN:21,validateKey
FN:29,treesEquivalentFromKg
FN:34,cacheKey
FN:38,sendCached
FN:45,(anonymous_4)
FN:93,(anonymous_5)
FN:142,(anonymous_6)
FN:166,(anonymous_7)
FNF:8
FNH:0
FNDA:0,validateKey
FNDA:0,treesEquivalentFromKg
FNDA:0,cacheKey
FNDA:0,sendCached
FNDA:0,(anonymous_4)
FNDA:0,(anonymous_5)
FNDA:0,(anonymous_6)
FNDA:0,(anonymous_7)
DA:13,1
DA:14,1
DA:15,1
DA:16,1
DA:18,1
DA:19,1
DA:22,0
DA:23,0
DA:24,0
DA:25,0
DA:30,0
DA:31,0
DA:35,0
DA:39,0
DA:40,0
DA:41,0
DA:45,1
DA:46,0
DA:47,0
DA:48,0
DA:50,0
DA:56,0
DA:58,0
DA:68,0
DA:69,0
DA:70,0
DA:72,0
DA:73,0
DA:74,0
DA:75,0
DA:77,0
DA:88,0
DA:93,1
DA:94,0
DA:95,0
DA:96,0
DA:98,0
DA:116,0
DA:137,0
DA:138,0
DA:139,0
DA:140,0
DA:142,0
DA:149,0
DA:161,0
DA:166,1
DA:167,0
DA:168,0
DA:170,0
DA:171,0
DA:173,0
DA:193,0
DA:207,0
DA:208,0
DA:209,0
DA:210,0
DA:211,0
DA:213,0
DA:223,0
DA:227,1
LF:60
LH:10
BRDA:22,0,0,0
BRDA:22,0,1,0
BRDA:22,1,0,0
BRDA:22,1,1,0
BRDA:30,2,0,0
BRDA:30,2,1,0
BRDA:30,3,0,0
BRDA:30,3,1,0
BRDA:48,4,0,0
BRDA:48,4,1,0
BRDA:56,5,0,0
BRDA:56,5,1,0
BRDA:69,6,0,0
BRDA:69,6,1,0
BRDA:70,7,0,0
BRDA:70,7,1,0
BRDA:72,8,0,0
BRDA:72,8,1,0
BRDA:73,9,0,0
BRDA:73,9,1,0
BRDA:74,10,0,0
BRDA:74,10,1,0
BRDA:96,11,0,0
BRDA:96,11,1,0
BRDA:137,12,0,0
BRDA:137,12,1,0
BRDA:138,13,0,0
BRDA:138,13,1,0
BRDA:139,14,0,0
BRDA:139,14,1,0
BRDA:140,15,0,0
BRDA:140,15,1,0
BRDA:144,16,0,0
BRDA:144,16,1,0
BRDA:145,17,0,0
BRDA:145,17,1,0
BRDA:146,18,0,0
BRDA:146,18,1,0
BRDA:171,19,0,0
BRDA:171,19,1,0
BRDA:207,20,0,0
BRDA:207,20,1,0
BRDA:208,21,0,0
BRDA:208,21,1,0
BRDA:209,22,0,0
BRDA:209,22,1,0
BRDA:210,23,0,0
BRDA:210,23,1,0
BRDA:211,24,0,0
BRDA:211,24,1,0
BRF:50
BRH:0
end_of_record
TN:
SF:src/routes/jobs.js
FN:11,validateTxHash
FN:19,(anonymous_1)
FN:30,(anonymous_2)
FN:65,(anonymous_3)
FNF:4
FNH:0
FNDA:0,validateTxHash
FNDA:0,(anonymous_1)
FNDA:0,(anonymous_2)
FNDA:0,(anonymous_3)
DA:6,1
DA:7,1
DA:8,1
DA:9,1
DA:12,0
DA:13,0
DA:14,0
DA:15,0
DA:19,1
DA:20,0
DA:21,0
DA:24,0
DA:26,0
DA:30,1
DA:31,0
DA:32,0
DA:33,0
DA:35,0
DA:38,0
DA:39,0
DA:40,0
DA:41,0
DA:43,0
DA:44,0
DA:45,0
DA:46,0
DA:49,0
DA:59,0
DA:61,0
DA:65,1
DA:66,0
DA:67,0
DA:70,0
DA:71,0
DA:73,0
DA:75,0
DA:79,1
LF:37
LH:8
BRDA:12,0,0,0
BRDA:12,0,1,0
BRDA:12,1,0,0
BRDA:12,1,1,0
BRDA:38,2,0,0
BRDA:38,2,1,0
BRDA:43,3,0,0
BRDA:43,3,1,0
BRDA:70,4,0,0
BRDA:70,4,1,0
BRF:10
BRH:0
end_of_record
TN:
SF:src/routes/leaderboard.js
FN:9,(anonymous_0)
FN:36,(anonymous_1)
FNF:2
FNH:2
FNDA:12,(anonymous_0)
FNDA:17,(anonymous_1)
DA:5,2
DA:6,2
DA:7,2
DA:9,2
DA:10,12
DA:11,12
DA:12,12
DA:14,12
DA:22,12
DA:23,0
DA:24,12
DA:25,0
DA:28,12
DA:35,12
DA:36,17
DA:44,12
DA:46,0
DA:50,2
LF:18
LH:15
BRDA:11,0,0,12
BRDA:11,0,1,10
BRDA:12,1,0,12
BRDA:12,1,1,12
BRDA:22,2,0,0
BRDA:22,2,1,12
BRDA:24,3,0,0
BRDA:24,3,1,12
BRDA:39,4,0,17
BRDA:39,4,1,6
BRDA:40,5,0,17
BRDA:40,5,1,0
BRDA:42,6,0,17
BRDA:42,6,1,6
BRF:14
BRH:11
end_of_record
TN:
SF:src/routes/profiles.js
FN:11,validateKey
FN:17,(anonymous_1)
FN:26,(anonymous_2)
FNF:3
FNH:0
FNDA:0,validateKey
FNDA:0,(anonymous_1)
FNDA:0,(anonymous_2)
DA:5,1
DA:6,1
DA:7,1
DA:8,1
DA:9,1
DA:12,0
DA:15,1
DA:17,1
DA:18,0
DA:19,0
DA:20,0
DA:21,0
DA:22,0
DA:23,0
DA:26,1
DA:27,0
DA:28,0
DA:29,0
DA:30,0
DA:31,0
DA:33,0
DA:46,0
DA:47,0
DA:50,1
LF:24
LH:9
BRDA:12,0,0,0
BRDA:12,0,1,0
BRDA:12,1,0,0
BRDA:12,1,1,0
BRDA:21,2,0,0
BRDA:21,2,1,0
BRDA:30,3,0,0
BRDA:30,3,1,0
BRDA:31,4,0,0
BRDA:31,4,1,0
BRF:10
BRH:0
end_of_record
TN:
SF:src/routes/projects.js
FN:41,mapCampaignRow
FN:64,fetchCampaignsForProject
FN:89,(anonymous_2)
FN:115,(anonymous_3)
FN:207,(anonymous_4)
FN:246,(anonymous_5)
FN:251,(anonymous_6)
FN:289,(anonymous_7)
FN:340,(anonymous_8)
FN:353,(anonymous_9)
FN:365,(anonymous_10)
FN:393,(anonymous_11)
FN:425,(anonymous_12)
FN:462,(anonymous_13)
FN:494,(anonymous_14)
FN:523,(anonymous_15)
FN:547,(anonymous_16)
FN:572,(anonymous_17)
FN:611,(anonymous_18)
FN:671,(anonymous_19)
FN:681,(anonymous_20)
FN:704,(anonymous_21)
FNF:22
FNH:4
FNDA:0,mapCampaignRow
FNDA:1,fetchCampaignsForProject
FNDA:0,(anonymous_2)
FNDA:8,(anonymous_3)
FNDA:0,(anonymous_4)
FNDA:0,(anonymous_5)
FNDA:0,(anonymous_6)
FNDA:0,(anonymous_7)
FNDA:0,(anonymous_8)
FNDA:0,(anonymous_9)
FNDA:0,(anonymous_10)
FNDA:0,(anonymous_11)
FNDA:1,(anonymous_12)
FNDA:0,(anonymous_13)
FNDA:2,(anonymous_14)
FNDA:0,(anonymous_15)
FNDA:0,(anonymous_16)
FNDA:0,(anonymous_17)
FNDA:0,(anonymous_18)
FNDA:0,(anonymous_19)
FNDA:0,(anonymous_20)
FNDA:0,(anonymous_21)
DA:5,2
DA:6,2
DA:7,2
DA:8,2
DA:9,2
DA:10,2
DA:11,2
DA:12,2
DA:13,2
DA:14,2
DA:15,2
DA:17,2
DA:18,2
DA:20,2
DA:21,2
DA:38,2
DA:39,2
DA:42,0
DA:43,0
DA:44,0
DA:45,0
DA:46,0
DA:47,0
DA:49,0
DA:65,1
DA:86,1
DA:89,2
DA:90,0
DA:91,0
DA:92,0
DA:93,0
DA:96,0
DA:103,0
DA:104,0
DA:107,0
DA:108,0
DA:109,0
DA:111,0
DA:115,2
DA:116,8
DA:117,8
DA:118,8
DA:120,8
DA:121,8
DA:122,8
DA:123,1
DA:126,7
DA:127,7
DA:129,7
DA:130,1
DA:131,1
DA:133,7
DA:134,1
DA:135,1
DA:137,7
DA:138,1
DA:140,7
DA:141,1
DA:142,1
DA:154,7
DA:156,1
DA:157,1
DA:159,1
DA:161,0
DA:162,0
DA:163,0
DA:165,0
DA:166,0
DA:167,0
DA:168,0
DA:171,6
DA:172,6
DA:174,6
DA:175,6
DA:176,4
DA:178,6
DA:183,6
DA:184,6
DA:185,6
DA:186,6
DA:188,6
DA:189,6
DA:190,0
DA:191,0
DA:194,6
DA:195,6
DA:197,6
DA:199,0
DA:207,2
DA:208,0
DA:209,0
DA:211,0
DA:212,0
DA:214,0
DA:215,0
DA:217,0
DA:218,0
DA:220,0
DA:221,0
DA:223,0
DA:224,0
DA:227,0
DA:228,0
DA:235,0
DA:236,0
DA:238,0
DA:246,2
DA:247,0
DA:248,0
DA:249,0
DA:251,0
DA:252,0
DA:254,0
DA:255,0
DA:257,0
DA:259,0
DA:260,0
DA:261,0
DA:262,0
DA:263,0
DA:264,0
DA:267,0
DA:277,0
DA:289,2
DA:290,0
DA:291,0
DA:292,0
DA:293,0
DA:294,0
DA:295,0
DA:297,0
DA:298,0
DA:300,0
DA:301,0
DA:303,0
DA:304,0
DA:306,0
DA:307,0
DA:309,0
DA:310,0
DA:313,0
DA:314,0
DA:315,0
DA:318,0
DA:325,0
DA:334,0
DA:336,0
DA:340,2
DA:341,0
DA:342,0
DA:343,0
DA:344,0
DA:346,0
DA:347,0
DA:349,0
DA:353,2
DA:354,0
DA:355,0
DA:359,0
DA:361,0
DA:365,2
DA:366,0
DA:367,0
DA:368,0
DA:369,0
DA:371,0
DA:378,0
DA:387,0
DA:389,0
DA:393,2
DA:394,0
DA:395,0
DA:396,0
DA:403,0
DA:405,0
DA:414,0
DA:416,0
DA:425,2
DA:426,1
DA:427,1
DA:429,1
DA:430,1
DA:432,0
DA:433,0
DA:435,0
DA:443,0
DA:452,0
DA:454,1
DA:462,2
DA:463,0
DA:464,0
DA:466,0
DA:467,0
DA:469,0
DA:479,0
DA:488,0
DA:490,0
DA:494,2
DA:495,2
DA:496,2
DA:497,2
DA:499,1
DA:500,1
DA:501,1
DA:502,1
DA:503,1
DA:504,1
DA:505,0
DA:508,1
DA:509,1
DA:512,1
DA:518,1
DA:523,1
DA:524,0
DA:526,0
DA:527,0
DA:529,0
DA:531,0
DA:532,0
DA:533,0
DA:534,0
DA:535,0
DA:536,0
DA:539,1
DA:547,0
DA:554,1
DA:572,2
DA:573,0
DA:574,0
DA:575,0
DA:576,0
DA:579,0
DA:583,0
DA:584,0
DA:585,0
DA:586,0
DA:589,0
DA:596,0
DA:605,0
DA:607,0
DA:611,2
DA:612,0
DA:613,0
DA:615,0
DA:616,0
DA:618,0
DA:619,0
DA:621,0
DA:622,0
DA:624,0
DA:625,0
DA:627,0
DA:628,0
DA:631,0
DA:632,0
DA:633,0
DA:636,0
DA:643,0
DA:652,0
DA:653,0
DA:667,0
DA:671,2
DA:672,0
DA:673,0
DA:681,0
DA:693,0
DA:695,0
DA:704,2
DA:705,0
DA:706,0
DA:707,0
DA:708,0
DA:709,0
DA:712,0
DA:713,0
DA:714,0
DA:717,0
DA:727,0
DA:736,0
DA:738,0
DA:740,0
DA:744,2
LF:282
LH:96
BRDA:43,0,0,0
BRDA:43,0,1,0
BRDA:44,1,0,0
BRDA:44,1,1,0
BRDA:46,2,0,0
BRDA:46,2,1,0
BRDA:47,3,0,0
BRDA:47,3,1,0
BRDA:53,4,0,0
BRDA:53,4,1,0
BRDA:54,5,0,0
BRDA:54,5,1,0
BRDA:92,6,0,0
BRDA:92,6,1,0
BRDA:92,7,0,0
BRDA:92,7,1,0
BRDA:103,8,0,0
BRDA:103,8,1,0
BRDA:117,9,0,7
BRDA:118,10,0,8
BRDA:118,10,1,0
BRDA:120,11,0,8
BRDA:120,11,1,7
BRDA:122,12,0,1
BRDA:122,12,1,7
BRDA:129,13,0,1
BRDA:129,13,1,6
BRDA:129,14,0,7
BRDA:129,14,1,1
BRDA:133,15,0,1
BRDA:133,15,1,6
BRDA:133,16,0,7
BRDA:133,16,1,1
BRDA:137,17,0,1
BRDA:137,17,1,6
BRDA:140,18,0,1
BRDA:140,18,1,6
BRDA:140,19,0,7
BRDA:140,19,1,1
BRDA:154,20,0,1
BRDA:154,20,1,6
BRDA:162,21,0,0
BRDA:162,21,1,0
BRDA:162,22,0,0
BRDA:162,22,1,0
BRDA:175,23,0,4
BRDA:175,23,1,2
BRDA:189,24,0,0
BRDA:189,24,1,6
BRDA:209,25,0,0
BRDA:209,26,0,0
BRDA:209,27,0,0
BRDA:209,27,1,0
BRDA:211,28,0,0
BRDA:211,28,1,0
BRDA:211,29,0,0
BRDA:211,29,1,0
BRDA:211,29,2,0
BRDA:211,29,3,0
BRDA:214,30,0,0
BRDA:214,30,1,0
BRDA:214,31,0,0
BRDA:214,31,1,0
BRDA:214,31,2,0
BRDA:214,31,3,0
BRDA:217,32,0,0
BRDA:217,32,1,0
BRDA:217,33,0,0
BRDA:217,33,1,0
BRDA:217,33,2,0
BRDA:217,33,3,0
BRDA:220,34,0,0
BRDA:220,34,1,0
BRDA:220,35,0,0
BRDA:220,35,1,0
BRDA:223,36,0,0
BRDA:223,36,1,0
BRDA:223,37,0,0
BRDA:223,37,1,0
BRDA:252,38,0,0
BRDA:252,38,1,0
BRDA:252,39,0,0
BRDA:252,39,1,0
BRDA:255,40,0,0
BRDA:255,40,1,0
BRDA:260,41,0,0
BRDA:260,41,1,0
BRDA:264,42,0,0
BRDA:264,42,1,0
BRDA:272,43,0,0
BRDA:272,43,1,0
BRDA:273,44,0,0
BRDA:273,44,1,0
BRDA:291,45,0,0
BRDA:291,45,1,0
BRDA:292,46,0,0
BRDA:292,46,1,0
BRDA:293,47,0,0
BRDA:293,47,1,0
BRDA:297,48,0,0
BRDA:297,48,1,0
BRDA:297,49,0,0
BRDA:297,49,1,0
BRDA:300,50,0,0
BRDA:300,50,1,0
BRDA:300,51,0,0
BRDA:300,51,1,0
BRDA:303,52,0,0
BRDA:303,52,1,0
BRDA:303,53,0,0
BRDA:303,53,1,0
BRDA:306,54,0,0
BRDA:306,54,1,0
BRDA:309,55,0,0
BRDA:309,55,1,0
BRDA:314,56,0,0
BRDA:314,56,1,0
BRDA:322,57,0,0
BRDA:322,57,1,0
BRDA:326,58,0,0
BRDA:326,58,1,0
BRDA:343,59,0,0
BRDA:343,59,1,0
BRDA:368,60,0,0
BRDA:368,60,1,0
BRDA:368,61,0,0
BRDA:368,61,1,0
BRDA:379,62,0,0
BRDA:379,62,1,0
BRDA:401,63,0,0
BRDA:401,63,1,0
BRDA:403,64,0,0
BRDA:403,64,1,0
BRDA:406,65,0,0
BRDA:406,65,1,0
BRDA:429,66,0,0
BRDA:429,66,1,1
BRDA:430,67,0,1
BRDA:430,67,1,0
BRDA:467,68,0,0
BRDA:467,68,1,0
BRDA:488,69,0,0
BRDA:488,69,1,0
BRDA:497,70,0,1
BRDA:497,70,1,1
BRDA:504,71,0,0
BRDA:504,71,1,1
BRDA:524,72,0,0
BRDA:524,72,1,0
BRDA:524,73,0,0
BRDA:524,73,1,0
BRDA:527,74,0,0
BRDA:527,74,1,0
BRDA:532,75,0,0
BRDA:532,75,1,0
BRDA:536,76,0,0
BRDA:536,76,1,0
BRDA:543,77,0,1
BRDA:543,77,1,1
BRDA:544,78,0,0
BRDA:544,78,1,1
BRDA:545,79,0,0
BRDA:545,79,1,1
BRDA:547,80,0,1
BRDA:547,80,1,1
BRDA:548,81,0,1
BRDA:548,81,1,0
BRDA:549,82,0,0
BRDA:549,82,1,0
BRDA:574,83,0,0
BRDA:574,83,1,0
BRDA:575,84,0,0
BRDA:575,84,1,0
BRDA:575,85,0,0
BRDA:575,85,1,0
BRDA:584,86,0,0
BRDA:584,86,1,0
BRDA:585,87,0,0
BRDA:585,87,1,0
BRDA:613,88,0,0
BRDA:613,88,1,0
BRDA:615,89,0,0
BRDA:615,89,1,0
BRDA:615,90,0,0
BRDA:615,90,1,0
BRDA:618,91,0,0
BRDA:618,91,1,0
BRDA:618,92,0,0
BRDA:618,92,1,0
BRDA:618,92,2,0
BRDA:621,93,0,0
BRDA:621,93,1,0
BRDA:621,94,0,0
BRDA:621,94,1,0
BRDA:621,94,2,0
BRDA:624,95,0,0
BRDA:624,95,1,0
BRDA:624,96,0,0
BRDA:624,96,1,0
BRDA:627,97,0,0
BRDA:627,97,1,0
BRDA:632,98,0,0
BRDA:632,98,1,0
BRDA:659,99,0,0
BRDA:659,99,1,0
BRDA:661,100,0,0
BRDA:661,100,1,0
BRDA:685,101,0,0
BRDA:685,101,1,0
BRDA:687,102,0,0
BRDA:687,102,1,0
BRDA:706,103,0,0
BRDA:706,103,1,0
BRDA:708,104,0,0
BRDA:708,104,1,0
BRDA:708,105,0,0
BRDA:708,105,1,0
BRDA:713,106,0,0
BRDA:713,106,1,0
BRDA:724,107,0,0
BRDA:724,107,1,0
BRDA:728,108,0,0
BRDA:728,108,1,0
BRF:223
BRH:37
end_of_record
TN:
SF:src/routes/ratings.js
FN:15,(anonymous_0)
FN:44,(anonymous_1)
FNF:2
FNH:1
FNDA:1,(anonymous_0)
FNDA:0,(anonymous_1)
DA:5,1
DA:6,1
DA:7,1
DA:8,1
DA:9,1
DA:15,1
DA:16,1
DA:17,1
DA:18,1
DA:19,0
DA:21,1
DA:22,0
DA:25,1
DA:34,0
DA:36,1
DA:44,1
DA:45,0
DA:46,0
DA:47,0
DA:48,0
DA:51,0
DA:65,0
DA:67,0
DA:71,1
LF:24
LH:14
BRDA:18,0,0,0
BRDA:18,0,1,1
BRDA:18,1,0,1
BRDA:18,1,1,1
BRDA:18,1,2,1
BRDA:21,2,0,0
BRDA:21,2,1,1
BRDA:21,3,0,1
BRDA:21,3,1,1
BRDA:31,4,0,1
BRDA:31,4,1,1
BRDA:47,5,0,0
BRDA:47,5,1,0
BRDA:65,6,0,0
BRDA:65,6,1,0
BRF:15
BRH:9
end_of_record
TN:
SF:src/routes/stats.js
FN:11,(anonymous_0)
FN:38,(anonymous_1)
FNF:2
FNH:0
FNDA:0,(anonymous_0)
FNDA:0,(anonymous_1)
DA:6,1
DA:7,1
DA:8,1
DA:11,1
DA:12,0
DA:13,0
DA:23,0
DA:24,0
DA:33,0
DA:38,1
DA:39,0
DA:40,0
DA:50,0
DA:55,0
DA:59,1
LF:15
LH:6
BRF:0
BRH:0
end_of_record
TN:
SF:src/routes/subscriptions.js
FN:15,(anonymous_0)
FN:49,(anonymous_1)
FNF:2
FNH:0
FNDA:0,(anonymous_0)
FNDA:0,(anonymous_1)
DA:7,1
DA:8,1
DA:9,1
DA:10,1
DA:12,1
DA:15,1
DA:16,0
DA:17,0
DA:19,0
DA:20,0
DA:22,0
DA:23,0
DA:27,0
DA:28,0
DA:30,0
DA:38,0
DA:39,0
DA:42,0
DA:44,0
DA:49,1
DA:50,0
DA:51,0
DA:55,0
DA:57,0
DA:61,1
LF:25
LH:8
BRDA:19,0,0,0
BRDA:19,0,1,0
BRDA:19,1,0,0
BRDA:19,1,1,0
BRDA:22,2,0,0
BRDA:22,2,1,0
BRDA:22,3,0,0
BRDA:22,3,1,0
BRDA:28,4,0,0
BRDA:28,4,1,0
BRDA:35,5,0,0
BRDA:35,5,1,0
BRDA:38,6,0,0
BRDA:38,6,1,0
BRF:14
BRH:0
end_of_record
TN:
SF:src/routes/updates.js
FN:18,(anonymous_0)
FN:51,(anonymous_1)
FN:52,(anonymous_2)
FN:54,(anonymous_3)
FN:59,(anonymous_4)
FN:70,(anonymous_5)
FN:124,(anonymous_6)
FNF:7
FNH:0
FNDA:0,(anonymous_0)
FNDA:0,(anonymous_1)
FNDA:0,(anonymous_2)
FNDA:0,(anonymous_3)
FNDA:0,(anonymous_4)
FNDA:0,(anonymous_5)
FNDA:0,(anonymous_6)
DA:7,1
DA:8,1
DA:9,1
DA:10,1
DA:11,1
DA:12,1
DA:13,1
DA:15,1
DA:18,1
DA:19,0
DA:20,0
DA:22,0
DA:23,0
DA:25,0
DA:26,0
DA:28,0
DA:29,0
DA:33,0
DA:34,0
DA:35,0
DA:38,0
DA:39,0
DA:45,0
DA:48,0
DA:52,0
DA:53,0
DA:55,0
DA:59,0
DA:60,0
DA:63,0
DA:65,0
DA:70,1
DA:71,0
DA:72,0
DA:73,0
DA:74,0
DA:77,0
DA:81,0
DA:82,0
DA:86,0
DA:91,0
DA:93,0
DA:99,0
DA:106,0
DA:111,0
DA:119,0
DA:124,1
DA:125,0
DA:126,0
DA:127,0
DA:131,0
DA:132,0
DA:133,0
DA:137,0
DA:139,0
DA:147,0
DA:151,1
LF:57
LH:12
BRDA:22,0,0,0
BRDA:22,0,1,0
BRDA:22,1,0,0
BRDA:22,1,1,0
BRDA:25,2,0,0
BRDA:25,2,1,0
BRDA:25,3,0,0
BRDA:25,3,1,0
BRDA:25,3,2,0
BRDA:28,4,0,0
BRDA:28,4,1,0
BRDA:28,5,0,0
BRDA:28,5,1,0
BRDA:28,5,2,0
BRDA:34,6,0,0
BRDA:34,6,1,0
BRDA:72,7,0,0
BRDA:72,7,1,0
BRDA:73,8,0,0
BRDA:73,8,1,0
BRDA:73,9,0,0
BRDA:73,9,1,0
BRDA:81,10,0,0
BRDA:81,10,1,0
BRDA:91,11,0,0
BRDA:91,11,1,0
BRDA:132,12,0,0
BRDA:132,12,1,0
BRF:28
BRH:0
end_of_record
TN:
SF:src/services/audit.js
FN:6,logAdminAction
FN:18,auditMiddleware
FN:19,(anonymous_2)
FN:21,(anonymous_3)
FN:45,sanitizeMetadata
FNF:5
FNH:0
FNDA:0,logAdminAction
FNDA:0,auditMiddleware
FNDA:0,(anonymous_2)
FNDA:0,(anonymous_3)
FNDA:0,sanitizeMetadata
DA:3,2
DA:4,2
DA:7,0
DA:8,0
DA:14,0
DA:19,0
DA:20,0
DA:21,0
DA:22,0
DA:23,0
DA:24,0
DA:25,0
DA:39,0
DA:41,0
DA:46,0
DA:47,0
DA:48,0
DA:49,0
DA:50,0
DA:51,0
DA:54,2
LF:21
LH:3
BRDA:11,0,0,0
BRDA:11,0,1,0
BRDA:11,1,0,0
BRDA:11,1,1,0
BRDA:11,2,0,0
BRDA:11,2,1,0
BRDA:11,3,0,0
BRDA:11,3,1,0
BRDA:22,4,0,0
BRDA:22,4,1,0
BRDA:23,5,0,0
BRDA:23,5,1,0
BRDA:23,5,2,0
BRDA:23,5,3,0
BRDA:24,6,0,0
BRDA:24,6,1,0
BRDA:24,6,2,0
BRDA:46,7,0,0
BRDA:46,7,1,0
BRF:19
BRH:0
end_of_record
TN:
SF:src/services/cache.js
FN:9,nowMs
FN:13,get
FN:23,set
FNF:3
FNH:0
FNDA:0,nowMs
FNDA:0,get
FNDA:0,set
DA:7,1
DA:10,0
DA:14,0
DA:15,0
DA:16,0
DA:17,0
DA:18,0
DA:20,0
DA:24,0
DA:25,0
DA:46,1
LF:11
LH:2
BRDA:15,0,0,0
BRDA:15,0,1,0
BRDA:16,1,0,0
BRDA:16,1,1,0
BRF:4
BRH:0
end_of_record
TN:
SF:src/services/claude.js
FN:16,getClient
FN:58,generateProjectSummary
FN:83,(anonymous_2)
FNF:3
FNH:0
FNDA:0,getClient
FNDA:0,generateProjectSummary
FNDA:0,(anonymous_2)
DA:10,1
DA:13,1
DA:15,1
DA:17,0
DA:18,0
DA:19,0
DA:20,0
DA:21,0
DA:22,0
DA:24,0
DA:25,0
DA:32,1
DA:59,0
DA:62,0
DA:66,0
DA:83,0
DA:84,0
DA:85,0
DA:86,0
DA:87,0
DA:90,0
DA:97,1
LF:22
LH:5
BRDA:13,0,0,1
BRDA:13,0,1,1
BRDA:17,1,0,0
BRDA:17,1,1,0
BRDA:19,2,0,0
BRDA:19,2,1,0
BRDA:84,3,0,0
BRDA:84,3,1,0
BRF:8
BRH:2
end_of_record
TN:
SF:src/services/email.js
FN:14,sendUpdateNotifications
FN:61,buildHtml
FN:89,buildText
FN:103,escHtml
FNF:4
FNH:0
FNDA:0,sendUpdateNotifications
FNDA:0,buildHtml
FNDA:0,buildText
FNDA:0,escHtml
DA:6,1
DA:7,1
DA:8,1
DA:15,0
DA:16,0
DA:17,0
DA:19,0
DA:21,0
DA:24,0
DA:25,0
DA:26,0
DA:27,0
DA:42,0
DA:43,0
DA:44,0
DA:62,0
DA:90,0
DA:104,0
DA:111,1
LF:19
LH:4
BRDA:6,0,0,1
BRDA:6,0,1,1
BRDA:7,1,0,1
BRDA:7,1,1,1
BRDA:8,2,0,1
BRDA:8,2,1,1
BRDA:15,3,0,0
BRDA:15,3,1,0
BRDA:19,4,0,0
BRDA:19,4,1,0
BRDA:19,5,0,0
BRDA:19,5,1,0
BRDA:42,6,0,0
BRDA:42,6,1,0
BRF:14
BRH:6
end_of_record
TN:
SF:src/services/indexerService.js
FN:20,updateProjectWallets
FN:44,startIndexer
FN:59,(anonymous_2)
FN:74,(anonymous_3)
FN:92,handleDonation
FN:200,getStatus
FNF:6
FNH:0
FNDA:0,updateProjectWallets
FNDA:0,startIndexer
FNDA:0,(anonymous_2)
FNDA:0,(anonymous_3)
FNDA:0,handleDonation
FNDA:0,getStatus
DA:6,1
DA:7,1
DA:8,1
DA:9,1
DA:10,1
DA:12,1
DA:13,1
DA:14,1
DA:15,1
DA:21,0
DA:22,0
DA:23,0
DA:24,0
DA:25,0
DA:27,0
DA:29,0
DA:45,0
DA:46,0
DA:47,0
DA:49,0
DA:51,0
DA:53,0
DA:56,0
DA:60,0
DA:61,0
DA:64,0
DA:65,0
DA:66,0
DA:67,0
DA:71,0
DA:75,0
DA:93,0
DA:94,0
DA:95,0
DA:97,0
DA:98,0
DA:100,0
DA:102,0
DA:106,0
DA:107,0
DA:110,0
DA:111,0
DA:114,0
DA:115,0
DA:122,0
DA:132,0
DA:136,0
DA:137,0
DA:138,0
DA:140,0
DA:144,0
DA:145,0
DA:147,0
DA:158,0
DA:159,0
DA:161,0
DA:171,0
DA:172,0
DA:181,0
DA:182,0
DA:184,0
DA:201,0
DA:216,1
LF:63
LH:10
BRDA:45,0,0,0
BRDA:45,0,1,0
BRDA:64,1,0,0
BRDA:64,1,1,0
BRDA:64,2,0,0
BRDA:64,2,1,0
BRDA:66,3,0,0
BRDA:66,3,1,0
BRDA:106,4,0,0
BRDA:106,4,1,0
BRDA:137,5,0,0
BRDA:137,5,1,0
BRDA:137,6,0,0
BRDA:137,6,1,0
BRDA:144,7,0,0
BRDA:144,7,1,0
BRDA:171,8,0,0
BRDA:171,8,1,0
BRDA:181,9,0,0
BRDA:181,9,1,0
BRF:20
BRH:0
end_of_record
TN:
SF:src/services/push.js
FN:15,sendUpdatePushNotifications
FNF:1
FNH:0
FNDA:0,sendUpdatePushNotifications
DA:5,1
DA:6,1
DA:9,1
DA:16,0
DA:18,0
DA:26,0
DA:27,0
DA:28,0
DA:32,0
DA:33,0
DA:35,0
DA:36,0
DA:37,0
DA:40,0
DA:54,0
DA:55,0
DA:56,0
DA:57,0
DA:58,0
DA:60,0
DA:64,0
DA:68,1
LF:22
LH:4
BRDA:26,0,0,0
BRDA:26,0,1,0
BRDA:35,1,0,0
BRDA:35,1,1,0
BRF:4
BRH:0
end_of_record
TN:
SF:src/services/redis.js
FN:6,getClient
FN:16,(anonymous_1)
FN:20,(anonymous_2)
FN:27,get
FN:37,set
FN:46,deletePattern
FNF:6
FNH:0
FNDA:0,getClient
FNDA:0,(anonymous_1)
FNDA:0,(anonymous_2)
FNDA:0,get
FNDA:0,set
FNDA:0,deletePattern
DA:2,1
DA:4,1
DA:7,0
DA:9,0
DA:10,0
DA:16,0
DA:20,0
DA:24,0
DA:28,0
DA:29,0
DA:30,0
DA:31,0
DA:33,0
DA:38,0
DA:39,0
DA:40,0
DA:47,0
DA:48,0
DA:49,0
DA:50,0
DA:51,0
DA:58,1
LF:22
LH:3
BRDA:7,0,0,0
BRDA:7,0,1,0
BRDA:9,1,0,0
BRDA:9,1,1,0
BRDA:31,2,0,0
BRDA:31,2,1,0
BRDA:50,3,0,0
BRDA:50,3,1,0
BRF:8
BRH:0
end_of_record
TN:
SF:src/services/stellar.js
FN:18,getOnChainProject
FNF:1
FNH:0
FNDA:0,getOnChainProject
DA:7,1
DA:9,1
DA:10,1
DA:11,1
DA:13,1
DA:14,1
DA:15,1
DA:16,1
DA:19,0
DA:21,0
DA:22,0
DA:24,0
DA:30,0
DA:31,0
DA:33,0
DA:36,0
DA:37,0
DA:39,0
DA:52,1
LF:19
LH:9
BRDA:9,0,0,1
BRDA:9,0,1,1
BRDA:10,1,0,1
BRDA:10,1,1,1
BRDA:11,2,0,1
BRDA:11,2,1,1
BRDA:13,3,0,0
BRDA:13,3,1,1
BRDA:16,4,0,1
BRDA:16,4,1,1
BRDA:19,5,0,0
BRDA:19,5,1,0
BRDA:36,6,0,0
BRDA:36,6,1,0
BRF:14
BRH:9
end_of_record
TN:
SF:src/services/store.js
FN:121,computeBadges
FN:147,toIso
FN:151,mapProjectRow
FN:185,mapDonationRow
FN:212,mapProfileRow
FN:233,mapProjectUpdateRow
FN:251,mapJobRow
FN:274,mapProjectMilestoneRow
FN:294,mapProjectRatingRow
FNF:9
FNH:9
FNDA:28,computeBadges
FNDA:39,toIso
FNDA:8,mapProjectRow
FNDA:15,mapDonationRow
FNDA:1,mapProfileRow
FNDA:1,mapProjectUpdateRow
FNDA:1,mapJobRow
FNDA:1,mapProjectMilestoneRow
FNDA:1,mapProjectRatingRow
DA:7,6
DA:9,6
DA:88,6
DA:99,6
DA:114,6
DA:122,28
DA:123,28
DA:124,85
DA:125,24
DA:126,24
DA:129,28
DA:148,39
DA:152,8
DA:186,15
DA:197,15
DA:198,13
DA:201,15
DA:213,1
DA:234,1
DA:252,1
DA:275,1
DA:295,1
DA:313,6
LF:23
LH:23
BRDA:124,0,0,24
BRDA:124,0,1,61
BRDA:148,1,0,30
BRDA:148,1,1,9
BRDA:159,2,0,8
BRDA:159,2,1,0
BRDA:160,3,0,8
BRDA:160,3,1,0
BRDA:164,4,0,8
BRDA:164,4,1,8
BRDA:167,5,0,8
BRDA:167,5,1,0
BRDA:168,6,0,8
BRDA:168,6,1,8
BRDA:169,7,0,0
BRDA:169,7,1,8
BRDA:170,8,0,8
BRDA:170,8,1,8
BRDA:171,9,0,8
BRDA:171,9,1,8
BRDA:190,10,0,15
BRDA:190,10,1,0
BRDA:197,11,0,13
BRDA:197,11,1,2
BRDA:197,12,0,15
BRDA:197,12,1,13
BRDA:217,13,0,1
BRDA:217,13,1,0
BRDA:219,14,0,1
BRDA:219,14,1,0
BRDA:258,15,0,1
BRDA:258,15,1,0
BRDA:260,16,0,1
BRDA:260,16,1,1
BRF:34
BRH:26
end_of_record
TN:
SF:src/services/summaryQueue.js
FN:26,start
FN:32,(anonymous_1)
FN:36,(anonymous_2)
FN:100,enqueueAISummary
FNF:4
FNH:0
FNDA:0,start
FNDA:0,(anonymous_1)
FNDA:0,(anonymous_2)
FNDA:0,enqueueAISummary
DA:9,1
DA:10,1
DA:11,1
DA:12,1
DA:13,1
DA:15,1
DA:17,1
DA:28,0
DA:30,0
DA:32,0
DA:34,0
DA:36,0
DA:37,0
DA:40,0
DA:41,0
DA:43,0
DA:45,0
DA:46,0
DA:48,0
DA:51,0
DA:56,0
DA:68,0
DA:69,0
DA:71,0
DA:72,0
DA:80,0
DA:90,0
DA:101,0
DA:102,0
DA:104,0
DA:105,0
DA:108,1
LF:32
LH:8
BRDA:28,0,0,0
BRDA:28,0,1,0
BRDA:43,1,0,0
BRDA:43,1,1,0
BRDA:53,2,0,0
BRDA:53,2,1,0
BRDA:69,3,0,0
BRDA:69,3,1,0
BRDA:71,4,0,0
BRDA:71,4,1,0
BRDA:81,5,0,0
BRDA:81,5,1,0
BRDA:101,6,0,0
BRDA:101,6,1,0
BRF:14
BRH:0
end_of_record
TN:
SF:src/services/turrets.js
FN:19,getServer
FN:30,matchDonationTxFunction
FN:166,submitMatchingPayment
FN:240,generatePreSignedTransactions
FN:303,startTurretsServer
FN:311,(anonymous_5)
FN:316,(anonymous_6)
FN:327,(anonymous_7)
FN:358,(anonymous_8)
FNF:9
FNH:0
FNDA:0,getServer
FNDA:0,matchDonationTxFunction
FNDA:0,submitMatchingPayment
FNDA:0,generatePreSignedTransactions
FNDA:0,startTurretsServer
FNDA:0,(anonymous_5)
FNDA:0,(anonymous_6)
FNDA:0,(anonymous_7)
FNDA:0,(anonymous_8)
DA:11,1
DA:12,1
DA:15,1
DA:16,1
DA:17,1
DA:20,0
DA:21,0
DA:23,0
DA:31,0
DA:40,0
DA:43,0
DA:44,0
DA:45,0
DA:49,0
DA:54,0
DA:55,0
DA:56,0
DA:59,0
DA:60,0
DA:63,0
DA:71,0
DA:72,0
DA:73,0
DA:77,0
DA:78,0
DA:80,0
DA:81,0
DA:82,0
DA:83,0
DA:85,0
DA:87,0
DA:89,0
DA:92,0
DA:101,0
DA:103,0
DA:111,0
DA:129,0
DA:130,0
DA:139,0
DA:148,0
DA:149,0
DA:174,0
DA:176,0
DA:179,0
DA:202,0
DA:204,0
DA:205,0
DA:206,0
DA:210,0
DA:213,0
DA:215,0
DA:217,0
DA:223,0
DA:224,0
DA:248,0
DA:249,0
DA:252,0
DA:254,0
DA:255,0
DA:257,0
DA:259,0
DA:260,0
DA:262,0
DA:276,0
DA:278,0
DA:284,0
DA:288,0
DA:304,0
DA:305,0
DA:307,0
DA:308,0
DA:311,0
DA:312,0
DA:316,0
DA:317,0
DA:318,0
DA:319,0
DA:321,0
DA:322,0
DA:327,0
DA:328,0
DA:336,0
DA:338,0
DA:339,0
DA:342,0
DA:351,0
DA:353,0
DA:354,0
DA:358,0
DA:359,0
DA:362,0
DA:373,1
LF:92
LH:6
BRDA:15,0,0,1
BRDA:15,0,1,1
BRDA:16,1,0,0
BRDA:16,1,1,1
BRDA:17,2,0,1
BRDA:17,2,1,1
BRDA:20,3,0,0
BRDA:20,3,1,0
BRDA:43,4,0,0
BRDA:43,4,1,0
BRDA:43,5,0,0
BRDA:43,5,1,0
BRDA:44,6,0,0
BRDA:44,6,1,0
BRDA:54,7,0,0
BRDA:54,7,1,0
BRDA:71,8,0,0
BRDA:71,8,1,0
BRDA:81,9,0,0
BRDA:81,9,1,0
BRDA:85,10,0,0
BRDA:85,10,1,0
BRDA:89,11,0,0
BRDA:89,11,1,0
BRDA:101,12,0,0
BRDA:101,12,1,0
BRDA:204,13,0,0
BRDA:204,13,1,0
BRDA:257,14,0,0
BRDA:257,14,1,0
BRDA:303,15,0,0
BRDA:338,16,0,0
BRDA:338,16,1,0
BRDA:338,17,0,0
BRDA:338,17,1,0
BRDA:338,17,2,0
BRF:36
BRH:5
end_of_record
